<?xml version="1.0" encoding="utf-8"?>
<CoverageSession>
  <Summary numSequencePoints="1635" visitedSequencePoints="897" numBranchPoints="529" visitedBranchPoints="144" sequenceCoverage="54.86" branchCoverage="27.22" maxCyclomaticComplexity="576" minCyclomaticComplexity="576" visitedClasses="72" numClasses="89" visitedMethods="77" numMethods="119" />
  <Modules>
    <Module hash="B35B9698-1074-4D83-9DA7-A8D49422587D">
      <ModulePath>SoulFoodAiBack.dll</ModulePath>
      <ModuleTime>2026-06-09T08:56:46</ModuleTime>
      <ModuleName>SoulFoodAiBack</ModuleName>
      <Files>
        <File uid="1" fullPath="C:\Users\pablo\Desktop\SoulFoodAI\src\Back\SoulFoodAiBack\SoulFoodAiBack\Controllers\AuthController.cs" />
        <File uid="2" fullPath="C:\Users\pablo\Desktop\SoulFoodAI\src\Back\SoulFoodAiBack\SoulFoodAiBack\Controllers\FoodPlanController.cs" />
        <File uid="3" fullPath="C:\Users\pablo\Desktop\SoulFoodAI\src\Back\SoulFoodAiBack\SoulFoodAiBack\Controllers\GoalController.cs" />
        <File uid="4" fullPath="C:\Users\pablo\Desktop\SoulFoodAI\src\Back\SoulFoodAiBack\SoulFoodAiBack\Controllers\IngredientController.cs" />
        <File uid="5" fullPath="C:\Users\pablo\Desktop\SoulFoodAI\src\Back\SoulFoodAiBack\SoulFoodAiBack\Controllers\IntoleranceController.cs" />
        <File uid="6" fullPath="C:\Users\pablo\Desktop\SoulFoodAI\src\Back\SoulFoodAiBack\SoulFoodAiBack\Controllers\MealController.cs" />
        <File uid="7" fullPath="C:\Users\pablo\Desktop\SoulFoodAI\src\Back\SoulFoodAiBack\SoulFoodAiBack\Controllers\RecipeController.cs" />
        <File uid="8" fullPath="C:\Users\pablo\Desktop\SoulFoodAI\src\Back\SoulFoodAiBack\SoulFoodAiBack\Controllers\UserController.cs" />
        <File uid="9" fullPath="C:\Users\pablo\Desktop\SoulFoodAI\src\Back\SoulFoodAiBack\SoulFoodAiBack\Controllers\UserDataController.cs" />
        <File uid="10" fullPath="C:\Users\pablo\Desktop\SoulFoodAI\src\Back\SoulFoodAiBack\SoulFoodAiBack\Controllers\UserDiaryController.cs" />
        <File uid="11" fullPath="C:\Users\pablo\Desktop\SoulFoodAI\src\Back\SoulFoodAiBack\SoulFoodAiBack\Controllers\UserFoodPlanDailyController.cs" />
        <File uid="12" fullPath="C:\Users\pablo\Desktop\SoulFoodAI\src\Back\SoulFoodAiBack\SoulFoodAiBack\Controllers\UserFoodPlanWeekController.cs" />
        <File uid="13" fullPath="C:\Users\pablo\Desktop\SoulFoodAI\src\Back\SoulFoodAiBack\SoulFoodAiBack\Controllers\UserIngredientController.cs" />
      </Files>
      <Classes>
        <Class>
          <Summary numSequencePoints="5" visitedSequencePoints="5" numBranchPoints="0" visitedBranchPoints="0" sequenceCoverage="100" branchCoverage="100" maxCyclomaticComplexity="1" minCyclomaticComplexity="1" visitedClasses="1" numClasses="1" visitedMethods="1" numMethods="1" />
          <FullName>SoulFoodAiBack.Controllers.AuthController</FullName>
          <Methods>
            <Method cyclomaticComplexity="1" nPathComplexity="1" sequenceCoverage="100" branchCoverage="100" isConstructor="True" isGetter="False" isSetter="False" isStatic="True">
              <Summary numSequencePoints="5" visitedSequencePoints="5" numBranchPoints="0" visitedBranchPoints="0" sequenceCoverage="100" branchCoverage="100" maxCyclomaticComplexity="1" minCyclomaticComplexity="1" visitedClasses="0" numClasses="0" visitedMethods="1" numMethods="1" />
              <MetadataToken />
              <Name>System.Void SoulFoodAiBack.Controllers.AuthController::.ctor(SoulFoodAiBack.Data.DataContext,SoulFoodAiBack.Services.AuthService)</Name>
              <FileRef uid="1" />
              <SequencePoints>
                <SequencePoint vc="2" uspid="40" ordinal="0" sl="40" sc="1" el="40" ec="2" bec="0" bev="0" fileid="1" />
                <SequencePoint vc="2" uspid="41" ordinal="1" sl="41" sc="1" el="41" ec="2" bec="0" bev="0" fileid="1" />
                <SequencePoint vc="2" uspid="42" ordinal="2" sl="42" sc="1" el="42" ec="2" bec="0" bev="0" fileid="1" />
                <SequencePoint vc="2" uspid="43" ordinal="3" sl="43" sc="1" el="43" ec="2" bec="0" bev="0" fileid="1" />
                <SequencePoint vc="2" uspid="44" ordinal="4" sl="44" sc="1" el="44" ec="2" bec="0" bev="0" fileid="1" />
              </SequencePoints>
              <BranchPoints />
              <MethodPoint vc="5" uspid="0" p8:type="SequencePoint" ordinal="0" offset="0" sc="0" sl="40" ec="1" el="44" bec="0" bev="0" fileid="1" xmlns:p8="xsi" />
            </Method>
          </Methods>
        </Class>
        <Class>
          <Summary numSequencePoints="7" visitedSequencePoints="7" numBranchPoints="4" visitedBranchPoints="4" sequenceCoverage="100" branchCoverage="100" maxCyclomaticComplexity="4" minCyclomaticComplexity="4" visitedClasses="1" numClasses="1" visitedMethods="1" numMethods="1" />
          <FullName>SoulFoodAiBack.Controllers.AuthController/&lt;Login&gt;d__3</FullName>
          <Methods>
            <Method cyclomaticComplexity="4" nPathComplexity="4" sequenceCoverage="100" branchCoverage="100" isConstructor="False" isGetter="False" isSetter="False" isStatic="True">
              <Summary numSequencePoints="7" visitedSequencePoints="7" numBranchPoints="4" visitedBranchPoints="4" sequenceCoverage="100" branchCoverage="100" maxCyclomaticComplexity="4" minCyclomaticComplexity="4" visitedClasses="0" numClasses="0" visitedMethods="1" numMethods="1" />
              <MetadataToken />
              <Name>System.Void SoulFoodAiBack.Controllers.AuthController/&lt;Login&gt;d__3::MoveNext()</Name>
              <FileRef uid="1" />
              <SequencePoints>
                <SequencePoint vc="2" uspid="55" ordinal="0" sl="55" sc="1" el="55" ec="2" bec="0" bev="0" fileid="1" />
                <SequencePoint vc="2" uspid="57" ordinal="1" sl="57" sc="1" el="57" ec="2" bec="0" bev="0" fileid="1" />
                <SequencePoint vc="2" uspid="60" ordinal="2" sl="60" sc="1" el="60" ec="2" bec="4" bev="4" fileid="1" />
                <SequencePoint vc="1" uspid="61" ordinal="3" sl="61" sc="1" el="61" ec="2" bec="0" bev="0" fileid="1" />
                <SequencePoint vc="1" uspid="64" ordinal="4" sl="64" sc="1" el="64" ec="2" bec="0" bev="0" fileid="1" />
                <SequencePoint vc="1" uspid="65" ordinal="5" sl="65" sc="1" el="65" ec="2" bec="0" bev="0" fileid="1" />
                <SequencePoint vc="2" uspid="66" ordinal="6" sl="66" sc="1" el="66" ec="2" bec="0" bev="0" fileid="1" />
              </SequencePoints>
              <BranchPoints>
                <BranchPoint vc="1" uspid="60" ordinal="0" path="0" offset="316" offsetend="318" sl="60" fileid="1" />
                <BranchPoint vc="1" uspid="60" ordinal="1" path="1" offset="316" offsetend="357" sl="60" fileid="1" />
                <BranchPoint vc="1" uspid="60" ordinal="2" path="0" offset="362" offsetend="364" sl="60" fileid="1" />
                <BranchPoint vc="1" uspid="60" ordinal="3" path="1" offset="362" offsetend="383" sl="60" fileid="1" />
              </BranchPoints>
              <MethodPoint vc="7" uspid="0" p8:type="SequencePoint" ordinal="0" offset="0" sc="0" sl="55" ec="1" el="66" bec="0" bev="0" fileid="1" xmlns:p8="xsi" />
            </Method>
          </Methods>
        </Class>
        <Class>
          <Summary numSequencePoints="4" visitedSequencePoints="4" numBranchPoints="0" visitedBranchPoints="0" sequenceCoverage="100" branchCoverage="100" maxCyclomaticComplexity="1" minCyclomaticComplexity="1" visitedClasses="1" numClasses="1" visitedMethods="1" numMethods="1" />
          <FullName>SoulFoodAiBack.Controllers.FoodPlanController</FullName>
          <Methods>
            <Method cyclomaticComplexity="1" nPathComplexity="1" sequenceCoverage="100" branchCoverage="100" isConstructor="True" isGetter="False" isSetter="False" isStatic="True">
              <Summary numSequencePoints="4" visitedSequencePoints="4" numBranchPoints="0" visitedBranchPoints="0" sequenceCoverage="100" branchCoverage="100" maxCyclomaticComplexity="1" minCyclomaticComplexity="1" visitedClasses="0" numClasses="0" visitedMethods="1" numMethods="1" />
              <MetadataToken />
              <Name>System.Void SoulFoodAiBack.Controllers.FoodPlanController::.ctor(SoulFoodAiBack.Data.DataContext)</Name>
              <FileRef uid="2" />
              <SequencePoints>
                <SequencePoint vc="6" uspid="33" ordinal="0" sl="33" sc="1" el="33" ec="2" bec="0" bev="0" fileid="2" />
                <SequencePoint vc="6" uspid="34" ordinal="1" sl="34" sc="1" el="34" ec="2" bec="0" bev="0" fileid="2" />
                <SequencePoint vc="6" uspid="35" ordinal="2" sl="35" sc="1" el="35" ec="2" bec="0" bev="0" fileid="2" />
                <SequencePoint vc="6" uspid="36" ordinal="3" sl="36" sc="1" el="36" ec="2" bec="0" bev="0" fileid="2" />
              </SequencePoints>
              <BranchPoints />
              <MethodPoint vc="4" uspid="0" p8:type="SequencePoint" ordinal="0" offset="0" sc="0" sl="33" ec="1" el="36" bec="0" bev="0" fileid="2" xmlns:p8="xsi" />
            </Method>
          </Methods>
        </Class>
        <Class>
          <Summary numSequencePoints="6" visitedSequencePoints="6" numBranchPoints="0" visitedBranchPoints="0" sequenceCoverage="100" branchCoverage="100" maxCyclomaticComplexity="1" minCyclomaticComplexity="1" visitedClasses="1" numClasses="1" visitedMethods="1" numMethods="1" />
          <FullName>SoulFoodAiBack.Controllers.FoodPlanController/&lt;&gt;c</FullName>
          <Methods>
            <Method cyclomaticComplexity="1" nPathComplexity="1" sequenceCoverage="100" branchCoverage="100" isConstructor="False" isGetter="False" isSetter="False" isStatic="True">
              <Summary numSequencePoints="6" visitedSequencePoints="6" numBranchPoints="0" visitedBranchPoints="0" sequenceCoverage="100" branchCoverage="100" maxCyclomaticComplexity="1" minCyclomaticComplexity="1" visitedClasses="0" numClasses="0" visitedMethods="1" numMethods="1" />
              <MetadataToken />
              <Name>SoulFoodAiBack.Dtos.FoodPlanDto SoulFoodAiBack.Controllers.FoodPlanController/&lt;&gt;c::&lt;GetAllFoodPlan&gt;b__2_0(SoulFoodAiBack.Models.FoodPlan)</Name>
              <FileRef uid="2" />
              <SequencePoints>
                <SequencePoint vc="3" uspid="49" ordinal="0" sl="49" sc="1" el="49" ec="2" bec="0" bev="0" fileid="2" />
                <SequencePoint vc="3" uspid="50" ordinal="1" sl="50" sc="1" el="50" ec="2" bec="0" bev="0" fileid="2" />
                <SequencePoint vc="3" uspid="51" ordinal="2" sl="51" sc="1" el="51" ec="2" bec="0" bev="0" fileid="2" />
                <SequencePoint vc="3" uspid="52" ordinal="3" sl="52" sc="1" el="52" ec="2" bec="0" bev="0" fileid="2" />
                <SequencePoint vc="3" uspid="53" ordinal="4" sl="53" sc="1" el="53" ec="2" bec="0" bev="0" fileid="2" />
                <SequencePoint vc="3" uspid="54" ordinal="5" sl="54" sc="1" el="54" ec="2" bec="0" bev="0" fileid="2" />
              </SequencePoints>
              <BranchPoints />
              <MethodPoint vc="6" uspid="0" p8:type="SequencePoint" ordinal="0" offset="0" sc="0" sl="49" ec="1" el="54" bec="0" bev="0" fileid="2" xmlns:p8="xsi" />
            </Method>
          </Methods>
        </Class>
        <Class>
          <Summary numSequencePoints="6" visitedSequencePoints="6" numBranchPoints="0" visitedBranchPoints="0" sequenceCoverage="100" branchCoverage="100" maxCyclomaticComplexity="1" minCyclomaticComplexity="1" visitedClasses="1" numClasses="1" visitedMethods="1" numMethods="1" />
          <FullName>SoulFoodAiBack.Controllers.FoodPlanController/&lt;AddFoodPlan&gt;d__3</FullName>
          <Methods>
            <Method cyclomaticComplexity="1" nPathComplexity="1" sequenceCoverage="100" branchCoverage="100" isConstructor="False" isGetter="False" isSetter="False" isStatic="True">
              <Summary numSequencePoints="6" visitedSequencePoints="6" numBranchPoints="0" visitedBranchPoints="0" sequenceCoverage="100" branchCoverage="100" maxCyclomaticComplexity="1" minCyclomaticComplexity="1" visitedClasses="0" numClasses="0" visitedMethods="1" numMethods="1" />
              <MetadataToken />
              <Name>System.Void SoulFoodAiBack.Controllers.FoodPlanController/&lt;AddFoodPlan&gt;d__3::MoveNext()</Name>
              <FileRef uid="2" />
              <SequencePoints>
                <SequencePoint vc="1" uspid="67" ordinal="0" sl="67" sc="1" el="67" ec="2" bec="0" bev="0" fileid="2" />
                <SequencePoint vc="1" uspid="68" ordinal="1" sl="68" sc="1" el="68" ec="2" bec="0" bev="0" fileid="2" />
                <SequencePoint vc="1" uspid="69" ordinal="2" sl="69" sc="1" el="69" ec="2" bec="0" bev="0" fileid="2" />
                <SequencePoint vc="1" uspid="70" ordinal="3" sl="70" sc="1" el="70" ec="2" bec="0" bev="0" fileid="2" />
                <SequencePoint vc="1" uspid="71" ordinal="4" sl="71" sc="1" el="71" ec="2" bec="0" bev="0" fileid="2" />
                <SequencePoint vc="1" uspid="72" ordinal="5" sl="72" sc="1" el="72" ec="2" bec="0" bev="0" fileid="2" />
              </SequencePoints>
              <BranchPoints />
              <MethodPoint vc="6" uspid="0" p8:type="SequencePoint" ordinal="0" offset="0" sc="0" sl="67" ec="1" el="72" bec="0" bev="0" fileid="2" xmlns:p8="xsi" />
            </Method>
          </Methods>
        </Class>
        <Class>
          <Summary numSequencePoints="7" visitedSequencePoints="7" numBranchPoints="2" visitedBranchPoints="2" sequenceCoverage="100" branchCoverage="100" maxCyclomaticComplexity="2" minCyclomaticComplexity="2" visitedClasses="1" numClasses="1" visitedMethods="1" numMethods="1" />
          <FullName>SoulFoodAiBack.Controllers.FoodPlanController/&lt;DeleteFoodPlan&gt;d__4</FullName>
          <Methods>
            <Method cyclomaticComplexity="2" nPathComplexity="2" sequenceCoverage="100" branchCoverage="100" isConstructor="False" isGetter="False" isSetter="False" isStatic="True">
              <Summary numSequencePoints="7" visitedSequencePoints="7" numBranchPoints="2" visitedBranchPoints="2" sequenceCoverage="100" branchCoverage="100" maxCyclomaticComplexity="2" minCyclomaticComplexity="2" visitedClasses="0" numClasses="0" visitedMethods="1" numMethods="1" />
              <MetadataToken />
              <Name>System.Void SoulFoodAiBack.Controllers.FoodPlanController/&lt;DeleteFoodPlan&gt;d__4::MoveNext()</Name>
              <FileRef uid="2" />
              <SequencePoints>
                <SequencePoint vc="2" uspid="82" ordinal="0" sl="82" sc="1" el="82" ec="2" bec="0" bev="0" fileid="2" />
                <SequencePoint vc="2" uspid="83" ordinal="1" sl="83" sc="1" el="83" ec="2" bec="0" bev="0" fileid="2" />
                <SequencePoint vc="4" uspid="85" ordinal="2" sl="85" sc="1" el="85" ec="2" bec="2" bev="2" fileid="2" />
                <SequencePoint vc="1" uspid="87" ordinal="3" sl="87" sc="1" el="87" ec="2" bec="0" bev="0" fileid="2" />
                <SequencePoint vc="1" uspid="88" ordinal="4" sl="88" sc="1" el="88" ec="2" bec="0" bev="0" fileid="2" />
                <SequencePoint vc="1" uspid="89" ordinal="5" sl="89" sc="1" el="89" ec="2" bec="0" bev="0" fileid="2" />
                <SequencePoint vc="2" uspid="90" ordinal="6" sl="90" sc="1" el="90" ec="2" bec="0" bev="0" fileid="2" />
              </SequencePoints>
              <BranchPoints>
                <BranchPoint vc="1" uspid="85" ordinal="0" path="0" offset="328" offsetend="330" sl="85" fileid="2" />
                <BranchPoint vc="1" uspid="85" ordinal="1" path="1" offset="328" offsetend="353" sl="85" fileid="2" />
              </BranchPoints>
              <MethodPoint vc="7" uspid="0" p8:type="SequencePoint" ordinal="0" offset="0" sc="0" sl="82" ec="1" el="90" bec="0" bev="0" fileid="2" xmlns:p8="xsi" />
            </Method>
          </Methods>
        </Class>
        <Class>
          <Summary numSequencePoints="9" visitedSequencePoints="9" numBranchPoints="2" visitedBranchPoints="2" sequenceCoverage="100" branchCoverage="100" maxCyclomaticComplexity="2" minCyclomaticComplexity="2" visitedClasses="1" numClasses="1" visitedMethods="1" numMethods="1" />
          <FullName>SoulFoodAiBack.Controllers.FoodPlanController/&lt;EditFoodPlan&gt;d__5</FullName>
          <Methods>
            <Method cyclomaticComplexity="2" nPathComplexity="2" sequenceCoverage="100" branchCoverage="100" isConstructor="False" isGetter="False" isSetter="False" isStatic="True">
              <Summary numSequencePoints="9" visitedSequencePoints="9" numBranchPoints="2" visitedBranchPoints="2" sequenceCoverage="100" branchCoverage="100" maxCyclomaticComplexity="2" minCyclomaticComplexity="2" visitedClasses="0" numClasses="0" visitedMethods="1" numMethods="1" />
              <MetadataToken />
              <Name>System.Void SoulFoodAiBack.Controllers.FoodPlanController/&lt;EditFoodPlan&gt;d__5::MoveNext()</Name>
              <FileRef uid="2" />
              <SequencePoints>
                <SequencePoint vc="2" uspid="100" ordinal="0" sl="100" sc="1" el="100" ec="2" bec="0" bev="0" fileid="2" />
                <SequencePoint vc="2" uspid="101" ordinal="1" sl="101" sc="1" el="101" ec="2" bec="0" bev="0" fileid="2" />
                <SequencePoint vc="4" uspid="103" ordinal="2" sl="103" sc="1" el="103" ec="2" bec="2" bev="2" fileid="2" />
                <SequencePoint vc="1" uspid="105" ordinal="3" sl="105" sc="1" el="105" ec="2" bec="0" bev="0" fileid="2" />
                <SequencePoint vc="1" uspid="106" ordinal="4" sl="106" sc="1" el="106" ec="2" bec="0" bev="0" fileid="2" />
                <SequencePoint vc="1" uspid="107" ordinal="5" sl="107" sc="1" el="107" ec="2" bec="0" bev="0" fileid="2" />
                <SequencePoint vc="1" uspid="109" ordinal="6" sl="109" sc="1" el="109" ec="2" bec="0" bev="0" fileid="2" />
                <SequencePoint vc="1" uspid="110" ordinal="7" sl="110" sc="1" el="110" ec="2" bec="0" bev="0" fileid="2" />
                <SequencePoint vc="2" uspid="111" ordinal="8" sl="111" sc="1" el="111" ec="2" bec="0" bev="0" fileid="2" />
              </SequencePoints>
              <BranchPoints>
                <BranchPoint vc="1" uspid="103" ordinal="0" path="0" offset="334" offsetend="336" sl="103" fileid="2" />
                <BranchPoint vc="1" uspid="103" ordinal="1" path="1" offset="334" offsetend="359" sl="103" fileid="2" />
              </BranchPoints>
              <MethodPoint vc="9" uspid="0" p8:type="SequencePoint" ordinal="0" offset="0" sc="0" sl="100" ec="1" el="111" bec="0" bev="0" fileid="2" xmlns:p8="xsi" />
            </Method>
          </Methods>
        </Class>
        <Class>
          <Summary numSequencePoints="5" visitedSequencePoints="5" numBranchPoints="0" visitedBranchPoints="0" sequenceCoverage="100" branchCoverage="100" maxCyclomaticComplexity="1" minCyclomaticComplexity="1" visitedClasses="1" numClasses="1" visitedMethods="1" numMethods="1" />
          <FullName>SoulFoodAiBack.Controllers.FoodPlanController/&lt;GetAllFoodPlan&gt;d__2</FullName>
          <Methods>
            <Method cyclomaticComplexity="1" nPathComplexity="1" sequenceCoverage="100" branchCoverage="100" isConstructor="False" isGetter="False" isSetter="False" isStatic="True">
              <Summary numSequencePoints="5" visitedSequencePoints="5" numBranchPoints="0" visitedBranchPoints="0" sequenceCoverage="100" branchCoverage="100" maxCyclomaticComplexity="1" minCyclomaticComplexity="1" visitedClasses="0" numClasses="0" visitedMethods="1" numMethods="1" />
              <MetadataToken />
              <Name>System.Void SoulFoodAiBack.Controllers.FoodPlanController/&lt;GetAllFoodPlan&gt;d__2::MoveNext()</Name>
              <FileRef uid="2" />
              <SequencePoints>
                <SequencePoint vc="2" uspid="45" ordinal="0" sl="45" sc="1" el="45" ec="2" bec="0" bev="0" fileid="2" />
                <SequencePoint vc="2" uspid="46" ordinal="1" sl="46" sc="1" el="46" ec="2" bec="0" bev="0" fileid="2" />
                <SequencePoint vc="2" uspid="48" ordinal="2" sl="48" sc="1" el="48" ec="2" bec="0" bev="0" fileid="2" />
                <SequencePoint vc="2" uspid="56" ordinal="3" sl="56" sc="1" el="56" ec="2" bec="0" bev="0" fileid="2" />
                <SequencePoint vc="2" uspid="57" ordinal="4" sl="57" sc="1" el="57" ec="2" bec="0" bev="0" fileid="2" />
              </SequencePoints>
              <BranchPoints />
              <MethodPoint vc="5" uspid="0" p8:type="SequencePoint" ordinal="0" offset="0" sc="0" sl="45" ec="1" el="57" bec="0" bev="0" fileid="2" xmlns:p8="xsi" />
            </Method>
          </Methods>
        </Class>
        <Class>
          <Summary numSequencePoints="4" visitedSequencePoints="4" numBranchPoints="0" visitedBranchPoints="0" sequenceCoverage="100" branchCoverage="100" maxCyclomaticComplexity="1" minCyclomaticComplexity="1" visitedClasses="1" numClasses="1" visitedMethods="1" numMethods="1" />
          <FullName>SoulFoodAiBack.Controllers.GoalController</FullName>
          <Methods>
            <Method cyclomaticComplexity="1" nPathComplexity="1" sequenceCoverage="100" branchCoverage="100" isConstructor="True" isGetter="False" isSetter="False" isStatic="True">
              <Summary numSequencePoints="4" visitedSequencePoints="4" numBranchPoints="0" visitedBranchPoints="0" sequenceCoverage="100" branchCoverage="100" maxCyclomaticComplexity="1" minCyclomaticComplexity="1" visitedClasses="0" numClasses="0" visitedMethods="1" numMethods="1" />
              <MetadataToken />
              <Name>System.Void SoulFoodAiBack.Controllers.GoalController::.ctor(SoulFoodAiBack.Data.DataContext)</Name>
              <FileRef uid="3" />
              <SequencePoints>
                <SequencePoint vc="6" uspid="33" ordinal="0" sl="33" sc="1" el="33" ec="2" bec="0" bev="0" fileid="3" />
                <SequencePoint vc="6" uspid="34" ordinal="1" sl="34" sc="1" el="34" ec="2" bec="0" bev="0" fileid="3" />
                <SequencePoint vc="6" uspid="35" ordinal="2" sl="35" sc="1" el="35" ec="2" bec="0" bev="0" fileid="3" />
                <SequencePoint vc="6" uspid="36" ordinal="3" sl="36" sc="1" el="36" ec="2" bec="0" bev="0" fileid="3" />
              </SequencePoints>
              <BranchPoints />
              <MethodPoint vc="4" uspid="0" p8:type="SequencePoint" ordinal="0" offset="0" sc="0" sl="33" ec="1" el="36" bec="0" bev="0" fileid="3" xmlns:p8="xsi" />
            </Method>
          </Methods>
        </Class>
        <Class>
          <Summary numSequencePoints="6" visitedSequencePoints="6" numBranchPoints="0" visitedBranchPoints="0" sequenceCoverage="100" branchCoverage="100" maxCyclomaticComplexity="1" minCyclomaticComplexity="1" visitedClasses="1" numClasses="1" visitedMethods="1" numMethods="1" />
          <FullName>SoulFoodAiBack.Controllers.GoalController/&lt;&gt;c</FullName>
          <Methods>
            <Method cyclomaticComplexity="1" nPathComplexity="1" sequenceCoverage="100" branchCoverage="100" isConstructor="False" isGetter="False" isSetter="False" isStatic="True">
              <Summary numSequencePoints="6" visitedSequencePoints="6" numBranchPoints="0" visitedBranchPoints="0" sequenceCoverage="100" branchCoverage="100" maxCyclomaticComplexity="1" minCyclomaticComplexity="1" visitedClasses="0" numClasses="0" visitedMethods="1" numMethods="1" />
              <MetadataToken />
              <Name>SoulFoodAiBack.Dtos.GoalDto SoulFoodAiBack.Controllers.GoalController/&lt;&gt;c::&lt;GetAllGoals&gt;b__2_0(SoulFoodAiBack.Models.Goal)</Name>
              <FileRef uid="3" />
              <SequencePoints>
                <SequencePoint vc="3" uspid="49" ordinal="0" sl="49" sc="1" el="49" ec="2" bec="0" bev="0" fileid="3" />
                <SequencePoint vc="3" uspid="50" ordinal="1" sl="50" sc="1" el="50" ec="2" bec="0" bev="0" fileid="3" />
                <SequencePoint vc="3" uspid="51" ordinal="2" sl="51" sc="1" el="51" ec="2" bec="0" bev="0" fileid="3" />
                <SequencePoint vc="3" uspid="52" ordinal="3" sl="52" sc="1" el="52" ec="2" bec="0" bev="0" fileid="3" />
                <SequencePoint vc="3" uspid="53" ordinal="4" sl="53" sc="1" el="53" ec="2" bec="0" bev="0" fileid="3" />
                <SequencePoint vc="3" uspid="54" ordinal="5" sl="54" sc="1" el="54" ec="2" bec="0" bev="0" fileid="3" />
              </SequencePoints>
              <BranchPoints />
              <MethodPoint vc="6" uspid="0" p8:type="SequencePoint" ordinal="0" offset="0" sc="0" sl="49" ec="1" el="54" bec="0" bev="0" fileid="3" xmlns:p8="xsi" />
            </Method>
          </Methods>
        </Class>
        <Class>
          <Summary numSequencePoints="6" visitedSequencePoints="6" numBranchPoints="0" visitedBranchPoints="0" sequenceCoverage="100" branchCoverage="100" maxCyclomaticComplexity="1" minCyclomaticComplexity="1" visitedClasses="1" numClasses="1" visitedMethods="1" numMethods="1" />
          <FullName>SoulFoodAiBack.Controllers.GoalController/&lt;AddGoal&gt;d__3</FullName>
          <Methods>
            <Method cyclomaticComplexity="1" nPathComplexity="1" sequenceCoverage="100" branchCoverage="100" isConstructor="False" isGetter="False" isSetter="False" isStatic="True">
              <Summary numSequencePoints="6" visitedSequencePoints="6" numBranchPoints="0" visitedBranchPoints="0" sequenceCoverage="100" branchCoverage="100" maxCyclomaticComplexity="1" minCyclomaticComplexity="1" visitedClasses="0" numClasses="0" visitedMethods="1" numMethods="1" />
              <MetadataToken />
              <Name>System.Void SoulFoodAiBack.Controllers.GoalController/&lt;AddGoal&gt;d__3::MoveNext()</Name>
              <FileRef uid="3" />
              <SequencePoints>
                <SequencePoint vc="1" uspid="67" ordinal="0" sl="67" sc="1" el="67" ec="2" bec="0" bev="0" fileid="3" />
                <SequencePoint vc="1" uspid="68" ordinal="1" sl="68" sc="1" el="68" ec="2" bec="0" bev="0" fileid="3" />
                <SequencePoint vc="1" uspid="69" ordinal="2" sl="69" sc="1" el="69" ec="2" bec="0" bev="0" fileid="3" />
                <SequencePoint vc="1" uspid="70" ordinal="3" sl="70" sc="1" el="70" ec="2" bec="0" bev="0" fileid="3" />
                <SequencePoint vc="1" uspid="71" ordinal="4" sl="71" sc="1" el="71" ec="2" bec="0" bev="0" fileid="3" />
                <SequencePoint vc="1" uspid="72" ordinal="5" sl="72" sc="1" el="72" ec="2" bec="0" bev="0" fileid="3" />
              </SequencePoints>
              <BranchPoints />
              <MethodPoint vc="6" uspid="0" p8:type="SequencePoint" ordinal="0" offset="0" sc="0" sl="67" ec="1" el="72" bec="0" bev="0" fileid="3" xmlns:p8="xsi" />
            </Method>
          </Methods>
        </Class>
        <Class>
          <Summary numSequencePoints="7" visitedSequencePoints="7" numBranchPoints="2" visitedBranchPoints="2" sequenceCoverage="100" branchCoverage="100" maxCyclomaticComplexity="2" minCyclomaticComplexity="2" visitedClasses="1" numClasses="1" visitedMethods="1" numMethods="1" />
          <FullName>SoulFoodAiBack.Controllers.GoalController/&lt;DeleteGoal&gt;d__4</FullName>
          <Methods>
            <Method cyclomaticComplexity="2" nPathComplexity="2" sequenceCoverage="100" branchCoverage="100" isConstructor="False" isGetter="False" isSetter="False" isStatic="True">
              <Summary numSequencePoints="7" visitedSequencePoints="7" numBranchPoints="2" visitedBranchPoints="2" sequenceCoverage="100" branchCoverage="100" maxCyclomaticComplexity="2" minCyclomaticComplexity="2" visitedClasses="0" numClasses="0" visitedMethods="1" numMethods="1" />
              <MetadataToken />
              <Name>System.Void SoulFoodAiBack.Controllers.GoalController/&lt;DeleteGoal&gt;d__4::MoveNext()</Name>
              <FileRef uid="3" />
              <SequencePoints>
                <SequencePoint vc="2" uspid="82" ordinal="0" sl="82" sc="1" el="82" ec="2" bec="0" bev="0" fileid="3" />
                <SequencePoint vc="2" uspid="83" ordinal="1" sl="83" sc="1" el="83" ec="2" bec="0" bev="0" fileid="3" />
                <SequencePoint vc="4" uspid="85" ordinal="2" sl="85" sc="1" el="85" ec="2" bec="2" bev="2" fileid="3" />
                <SequencePoint vc="1" uspid="87" ordinal="3" sl="87" sc="1" el="87" ec="2" bec="0" bev="0" fileid="3" />
                <SequencePoint vc="1" uspid="88" ordinal="4" sl="88" sc="1" el="88" ec="2" bec="0" bev="0" fileid="3" />
                <SequencePoint vc="1" uspid="89" ordinal="5" sl="89" sc="1" el="89" ec="2" bec="0" bev="0" fileid="3" />
                <SequencePoint vc="2" uspid="90" ordinal="6" sl="90" sc="1" el="90" ec="2" bec="0" bev="0" fileid="3" />
              </SequencePoints>
              <BranchPoints>
                <BranchPoint vc="1" uspid="85" ordinal="0" path="0" offset="328" offsetend="330" sl="85" fileid="3" />
                <BranchPoint vc="1" uspid="85" ordinal="1" path="1" offset="328" offsetend="353" sl="85" fileid="3" />
              </BranchPoints>
              <MethodPoint vc="7" uspid="0" p8:type="SequencePoint" ordinal="0" offset="0" sc="0" sl="82" ec="1" el="90" bec="0" bev="0" fileid="3" xmlns:p8="xsi" />
            </Method>
          </Methods>
        </Class>
        <Class>
          <Summary numSequencePoints="9" visitedSequencePoints="9" numBranchPoints="2" visitedBranchPoints="2" sequenceCoverage="100" branchCoverage="100" maxCyclomaticComplexity="2" minCyclomaticComplexity="2" visitedClasses="1" numClasses="1" visitedMethods="1" numMethods="1" />
          <FullName>SoulFoodAiBack.Controllers.GoalController/&lt;EditGoal&gt;d__5</FullName>
          <Methods>
            <Method cyclomaticComplexity="2" nPathComplexity="2" sequenceCoverage="100" branchCoverage="100" isConstructor="False" isGetter="False" isSetter="False" isStatic="True">
              <Summary numSequencePoints="9" visitedSequencePoints="9" numBranchPoints="2" visitedBranchPoints="2" sequenceCoverage="100" branchCoverage="100" maxCyclomaticComplexity="2" minCyclomaticComplexity="2" visitedClasses="0" numClasses="0" visitedMethods="1" numMethods="1" />
              <MetadataToken />
              <Name>System.Void SoulFoodAiBack.Controllers.GoalController/&lt;EditGoal&gt;d__5::MoveNext()</Name>
              <FileRef uid="3" />
              <SequencePoints>
                <SequencePoint vc="2" uspid="100" ordinal="0" sl="100" sc="1" el="100" ec="2" bec="0" bev="0" fileid="3" />
                <SequencePoint vc="2" uspid="101" ordinal="1" sl="101" sc="1" el="101" ec="2" bec="0" bev="0" fileid="3" />
                <SequencePoint vc="4" uspid="103" ordinal="2" sl="103" sc="1" el="103" ec="2" bec="2" bev="2" fileid="3" />
                <SequencePoint vc="1" uspid="105" ordinal="3" sl="105" sc="1" el="105" ec="2" bec="0" bev="0" fileid="3" />
                <SequencePoint vc="1" uspid="106" ordinal="4" sl="106" sc="1" el="106" ec="2" bec="0" bev="0" fileid="3" />
                <SequencePoint vc="1" uspid="107" ordinal="5" sl="107" sc="1" el="107" ec="2" bec="0" bev="0" fileid="3" />
                <SequencePoint vc="1" uspid="109" ordinal="6" sl="109" sc="1" el="109" ec="2" bec="0" bev="0" fileid="3" />
                <SequencePoint vc="1" uspid="110" ordinal="7" sl="110" sc="1" el="110" ec="2" bec="0" bev="0" fileid="3" />
                <SequencePoint vc="2" uspid="111" ordinal="8" sl="111" sc="1" el="111" ec="2" bec="0" bev="0" fileid="3" />
              </SequencePoints>
              <BranchPoints>
                <BranchPoint vc="1" uspid="103" ordinal="0" path="0" offset="334" offsetend="336" sl="103" fileid="3" />
                <BranchPoint vc="1" uspid="103" ordinal="1" path="1" offset="334" offsetend="359" sl="103" fileid="3" />
              </BranchPoints>
              <MethodPoint vc="9" uspid="0" p8:type="SequencePoint" ordinal="0" offset="0" sc="0" sl="100" ec="1" el="111" bec="0" bev="0" fileid="3" xmlns:p8="xsi" />
            </Method>
          </Methods>
        </Class>
        <Class>
          <Summary numSequencePoints="5" visitedSequencePoints="5" numBranchPoints="0" visitedBranchPoints="0" sequenceCoverage="100" branchCoverage="100" maxCyclomaticComplexity="1" minCyclomaticComplexity="1" visitedClasses="1" numClasses="1" visitedMethods="1" numMethods="1" />
          <FullName>SoulFoodAiBack.Controllers.GoalController/&lt;GetAllGoals&gt;d__2</FullName>
          <Methods>
            <Method cyclomaticComplexity="1" nPathComplexity="1" sequenceCoverage="100" branchCoverage="100" isConstructor="False" isGetter="False" isSetter="False" isStatic="True">
              <Summary numSequencePoints="5" visitedSequencePoints="5" numBranchPoints="0" visitedBranchPoints="0" sequenceCoverage="100" branchCoverage="100" maxCyclomaticComplexity="1" minCyclomaticComplexity="1" visitedClasses="0" numClasses="0" visitedMethods="1" numMethods="1" />
              <MetadataToken />
              <Name>System.Void SoulFoodAiBack.Controllers.GoalController/&lt;GetAllGoals&gt;d__2::MoveNext()</Name>
              <FileRef uid="3" />
              <SequencePoints>
                <SequencePoint vc="2" uspid="45" ordinal="0" sl="45" sc="1" el="45" ec="2" bec="0" bev="0" fileid="3" />
                <SequencePoint vc="2" uspid="46" ordinal="1" sl="46" sc="1" el="46" ec="2" bec="0" bev="0" fileid="3" />
                <SequencePoint vc="2" uspid="48" ordinal="2" sl="48" sc="1" el="48" ec="2" bec="0" bev="0" fileid="3" />
                <SequencePoint vc="2" uspid="56" ordinal="3" sl="56" sc="1" el="56" ec="2" bec="0" bev="0" fileid="3" />
                <SequencePoint vc="2" uspid="57" ordinal="4" sl="57" sc="1" el="57" ec="2" bec="0" bev="0" fileid="3" />
              </SequencePoints>
              <BranchPoints />
              <MethodPoint vc="5" uspid="0" p8:type="SequencePoint" ordinal="0" offset="0" sc="0" sl="45" ec="1" el="57" bec="0" bev="0" fileid="3" xmlns:p8="xsi" />
            </Method>
          </Methods>
        </Class>
        <Class>
          <Summary numSequencePoints="52" visitedSequencePoints="4" numBranchPoints="42" visitedBranchPoints="0" sequenceCoverage="7.69" branchCoverage="0" maxCyclomaticComplexity="28" minCyclomaticComplexity="1" visitedClasses="1" numClasses="1" visitedMethods="1" numMethods="4" />
          <FullName>SoulFoodAiBack.Controllers.IngredientController</FullName>
          <Methods>
            <Method cyclomaticComplexity="4" nPathComplexity="4" sequenceCoverage="0" branchCoverage="0" isConstructor="False" isGetter="False" isSetter="False" isStatic="True">
              <Summary numSequencePoints="10" visitedSequencePoints="0" numBranchPoints="4" visitedBranchPoints="0" sequenceCoverage="0" branchCoverage="0" maxCyclomaticComplexity="4" minCyclomaticComplexity="4" visitedClasses="0" numClasses="0" visitedMethods="0" numMethods="1" />
              <MetadataToken />
              <Name>System.Boolean SoulFoodAiBack.Controllers.IngredientController::ContainsAllSearchWords(System.String,System.String)</Name>
              <FileRef uid="4" />
              <SequencePoints>
                <SequencePoint vc="0" uspid="77" ordinal="0" sl="77" sc="1" el="77" ec="2" bec="0" bev="0" fileid="4" />
                <SequencePoint vc="0" uspid="78" ordinal="1" sl="78" sc="1" el="78" ec="2" bec="0" bev="0" fileid="4" />
                <SequencePoint vc="0" uspid="79" ordinal="2" sl="79" sc="1" el="79" ec="2" bec="2" bev="0" fileid="4" />
                <SequencePoint vc="0" uspid="80" ordinal="3" sl="80" sc="1" el="80" ec="2" bec="0" bev="0" fileid="4" />
                <SequencePoint vc="0" uspid="81" ordinal="4" sl="81" sc="1" el="81" ec="2" bec="2" bev="0" fileid="4" />
                <SequencePoint vc="0" uspid="82" ordinal="5" sl="82" sc="1" el="82" ec="2" bec="0" bev="0" fileid="4" />
                <SequencePoint vc="0" uspid="83" ordinal="6" sl="83" sc="1" el="83" ec="2" bec="0" bev="0" fileid="4" />
                <SequencePoint vc="0" uspid="85" ordinal="7" sl="85" sc="1" el="85" ec="2" bec="0" bev="0" fileid="4" />
                <SequencePoint vc="0" uspid="86" ordinal="8" sl="86" sc="1" el="86" ec="2" bec="0" bev="0" fileid="4" />
                <SequencePoint vc="0" uspid="87" ordinal="9" sl="87" sc="1" el="87" ec="2" bec="0" bev="0" fileid="4" />
              </SequencePoints>
              <BranchPoints>
                <BranchPoint vc="0" uspid="79" ordinal="3" path="1" offset="59" offsetend="23" sl="79" fileid="4" />
                <BranchPoint vc="0" uspid="81" ordinal="0" path="0" offset="42" offsetend="44" sl="81" fileid="4" />
                <BranchPoint vc="0" uspid="81" ordinal="1" path="1" offset="42" offsetend="50" sl="81" fileid="4" />
                <BranchPoint vc="0" uspid="79" ordinal="2" path="0" offset="59" offsetend="61" sl="79" fileid="4" />
              </BranchPoints>
              <MethodPoint vc="0" uspid="0" p8:type="SequencePoint" ordinal="0" offset="0" sc="0" sl="77" ec="1" el="87" bec="0" bev="0" fileid="4" xmlns:p8="xsi" />
            </Method>
            <Method cyclomaticComplexity="10" nPathComplexity="10" sequenceCoverage="0" branchCoverage="0" isConstructor="False" isGetter="False" isSetter="False" isStatic="True">
              <Summary numSequencePoints="10" visitedSequencePoints="0" numBranchPoints="10" visitedBranchPoints="0" sequenceCoverage="0" branchCoverage="0" maxCyclomaticComplexity="10" minCyclomaticComplexity="10" visitedClasses="0" numClasses="0" visitedMethods="0" numMethods="1" />
              <MetadataToken />
              <Name>System.Void SoulFoodAiBack.Controllers.IngredientController::ExtractNutriments(System.Text.Json.Nodes.JsonNode,System.Double&amp;,System.Double&amp;,System.Double&amp;,System.Double&amp;)</Name>
              <FileRef uid="4" />
              <SequencePoints>
                <SequencePoint vc="0" uspid="90" ordinal="0" sl="90" sc="1" el="90" ec="2" bec="0" bev="0" fileid="4" />
                <SequencePoint vc="0" uspid="91" ordinal="1" sl="91" sc="1" el="91" ec="2" bec="0" bev="0" fileid="4" />
                <SequencePoint vc="0" uspid="92" ordinal="2" sl="92" sc="1" el="92" ec="2" bec="2" bev="0" fileid="4" />
                <SequencePoint vc="0" uspid="93" ordinal="3" sl="93" sc="1" el="93" ec="2" bec="0" bev="0" fileid="4" />
                <SequencePoint vc="0" uspid="94" ordinal="4" sl="94" sc="1" el="94" ec="2" bec="2" bev="0" fileid="4" />
                <SequencePoint vc="0" uspid="95" ordinal="5" sl="95" sc="1" el="95" ec="2" bec="2" bev="0" fileid="4" />
                <SequencePoint vc="0" uspid="96" ordinal="6" sl="96" sc="1" el="96" ec="2" bec="2" bev="0" fileid="4" />
                <SequencePoint vc="0" uspid="97" ordinal="7" sl="97" sc="1" el="97" ec="2" bec="2" bev="0" fileid="4" />
                <SequencePoint vc="0" uspid="98" ordinal="8" sl="98" sc="1" el="98" ec="2" bec="0" bev="0" fileid="4" />
                <SequencePoint vc="0" uspid="99" ordinal="9" sl="99" sc="1" el="99" ec="2" bec="0" bev="0" fileid="4" />
              </SequencePoints>
              <BranchPoints>
                <BranchPoint vc="0" uspid="92" ordinal="0" path="0" offset="52" offsetend="57" sl="92" fileid="4" />
                <BranchPoint vc="0" uspid="94" ordinal="2" path="0" offset="74" offsetend="76" sl="94" fileid="4" />
                <BranchPoint vc="0" uspid="94" ordinal="3" path="1" offset="74" offsetend="109" sl="94" fileid="4" />
                <BranchPoint vc="0" uspid="95" ordinal="4" path="0" offset="125" offsetend="127" sl="95" fileid="4" />
                <BranchPoint vc="0" uspid="95" ordinal="5" path="1" offset="125" offsetend="160" sl="95" fileid="4" />
                <BranchPoint vc="0" uspid="96" ordinal="6" path="0" offset="176" offsetend="178" sl="96" fileid="4" />
                <BranchPoint vc="0" uspid="96" ordinal="7" path="1" offset="176" offsetend="211" sl="96" fileid="4" />
                <BranchPoint vc="0" uspid="97" ordinal="8" path="0" offset="229" offsetend="231" sl="97" fileid="4" />
                <BranchPoint vc="0" uspid="97" ordinal="9" path="1" offset="229" offsetend="265" sl="97" fileid="4" />
                <BranchPoint vc="0" uspid="92" ordinal="1" path="1" offset="52" offsetend="266" sl="92" fileid="4" />
              </BranchPoints>
              <MethodPoint vc="0" uspid="0" p8:type="SequencePoint" ordinal="1" offset="1" sc="0" sl="90" ec="1" el="99" bec="0" bev="0" fileid="4" xmlns:p8="xsi" />
            </Method>
            <Method cyclomaticComplexity="28" nPathComplexity="28" sequenceCoverage="0" branchCoverage="0" isConstructor="False" isGetter="False" isSetter="False" isStatic="True">
              <Summary numSequencePoints="28" visitedSequencePoints="0" numBranchPoints="28" visitedBranchPoints="0" sequenceCoverage="0" branchCoverage="0" maxCyclomaticComplexity="28" minCyclomaticComplexity="28" visitedClasses="0" numClasses="0" visitedMethods="0" numMethods="1" />
              <MetadataToken />
              <Name>System.Void SoulFoodAiBack.Controllers.IngredientController::ProcessOpenFoodFactsProduct(System.Text.Json.Nodes.JsonNode,System.String,System.Collections.Generic.List`1&lt;SoulFoodAiBack.Models.Ingredient&gt;)</Name>
              <FileRef uid="4" />
              <SequencePoints>
                <SequencePoint vc="0" uspid="102" ordinal="0" sl="102" sc="1" el="102" ec="2" bec="0" bev="0" fileid="4" />
                <SequencePoint vc="0" uspid="103" ordinal="1" sl="103" sc="1" el="103" ec="2" bec="2" bev="0" fileid="4" />
                <SequencePoint vc="0" uspid="104" ordinal="2" sl="104" sc="1" el="104" ec="2" bec="4" bev="0" fileid="4" />
                <SequencePoint vc="0" uspid="105" ordinal="3" sl="105" sc="1" el="105" ec="2" bec="4" bev="0" fileid="4" />
                <SequencePoint vc="0" uspid="106" ordinal="4" sl="106" sc="1" el="106" ec="2" bec="4" bev="0" fileid="4" />
                <SequencePoint vc="0" uspid="107" ordinal="5" sl="107" sc="1" el="107" ec="2" bec="8" bev="0" fileid="4" />
                <SequencePoint vc="0" uspid="109" ordinal="6" sl="109" sc="1" el="109" ec="2" bec="2" bev="0" fileid="4" />
                <SequencePoint vc="0" uspid="111" ordinal="7" sl="111" sc="1" el="111" ec="2" bec="0" bev="0" fileid="4" />
                <SequencePoint vc="0" uspid="112" ordinal="8" sl="112" sc="1" el="112" ec="2" bec="2" bev="0" fileid="4" />
                <SequencePoint vc="0" uspid="114" ordinal="9" sl="114" sc="1" el="114" ec="2" bec="0" bev="0" fileid="4" />
                <SequencePoint vc="0" uspid="116" ordinal="10" sl="116" sc="1" el="116" ec="2" bec="0" bev="0" fileid="4" />
                <SequencePoint vc="0" uspid="117" ordinal="11" sl="117" sc="1" el="117" ec="2" bec="0" bev="0" fileid="4" />
                <SequencePoint vc="0" uspid="118" ordinal="12" sl="118" sc="1" el="118" ec="2" bec="0" bev="0" fileid="4" />
                <SequencePoint vc="0" uspid="119" ordinal="13" sl="119" sc="1" el="119" ec="2" bec="0" bev="0" fileid="4" />
                <SequencePoint vc="0" uspid="120" ordinal="14" sl="120" sc="1" el="120" ec="2" bec="0" bev="0" fileid="4" />
                <SequencePoint vc="0" uspid="121" ordinal="15" sl="121" sc="1" el="121" ec="2" bec="0" bev="0" fileid="4" />
                <SequencePoint vc="0" uspid="122" ordinal="16" sl="122" sc="1" el="122" ec="2" bec="0" bev="0" fileid="4" />
                <SequencePoint vc="0" uspid="123" ordinal="17" sl="123" sc="1" el="123" ec="2" bec="0" bev="0" fileid="4" />
                <SequencePoint vc="0" uspid="124" ordinal="18" sl="124" sc="1" el="124" ec="2" bec="0" bev="0" fileid="4" />
                <SequencePoint vc="0" uspid="125" ordinal="19" sl="125" sc="1" el="125" ec="2" bec="0" bev="0" fileid="4" />
                <SequencePoint vc="0" uspid="126" ordinal="20" sl="126" sc="1" el="126" ec="2" bec="0" bev="0" fileid="4" />
                <SequencePoint vc="0" uspid="127" ordinal="21" sl="127" sc="1" el="127" ec="2" bec="0" bev="0" fileid="4" />
                <SequencePoint vc="0" uspid="129" ordinal="22" sl="129" sc="1" el="129" ec="2" bec="0" bev="0" fileid="4" />
                <SequencePoint vc="0" uspid="130" ordinal="23" sl="130" sc="1" el="130" ec="2" bec="2" bev="0" fileid="4" />
                <SequencePoint vc="0" uspid="131" ordinal="24" sl="131" sc="1" el="131" ec="2" bec="0" bev="0" fileid="4" />
                <SequencePoint vc="0" uspid="132" ordinal="25" sl="132" sc="1" el="132" ec="2" bec="0" bev="0" fileid="4" />
                <SequencePoint vc="0" uspid="133" ordinal="26" sl="133" sc="1" el="133" ec="2" bec="0" bev="0" fileid="4" />
                <SequencePoint vc="0" uspid="134" ordinal="27" sl="134" sc="1" el="134" ec="2" bec="0" bev="0" fileid="4" />
              </SequencePoints>
              <BranchPoints>
                <BranchPoint vc="0" uspid="103" ordinal="1" path="1" offset="15" offsetend="22" sl="103" fileid="4" />
                <BranchPoint vc="0" uspid="104" ordinal="2" path="0" offset="34" offsetend="36" sl="104" fileid="4" />
                <BranchPoint vc="0" uspid="104" ordinal="3" path="1" offset="34" offsetend="40" sl="104" fileid="4" />
                <BranchPoint vc="0" uspid="104" ordinal="4" path="0" offset="46" offsetend="48" sl="104" fileid="4" />
                <BranchPoint vc="0" uspid="104" ordinal="5" path="1" offset="46" offsetend="54" sl="104" fileid="4" />
                <BranchPoint vc="0" uspid="105" ordinal="6" path="0" offset="67" offsetend="69" sl="105" fileid="4" />
                <BranchPoint vc="0" uspid="105" ordinal="7" path="1" offset="67" offsetend="73" sl="105" fileid="4" />
                <BranchPoint vc="0" uspid="105" ordinal="8" path="0" offset="79" offsetend="81" sl="105" fileid="4" />
                <BranchPoint vc="0" uspid="105" ordinal="9" path="1" offset="79" offsetend="87" sl="105" fileid="4" />
                <BranchPoint vc="0" uspid="106" ordinal="10" path="0" offset="100" offsetend="102" sl="106" fileid="4" />
                <BranchPoint vc="0" uspid="106" ordinal="11" path="1" offset="100" offsetend="106" sl="106" fileid="4" />
                <BranchPoint vc="0" uspid="106" ordinal="12" path="0" offset="112" offsetend="114" sl="106" fileid="4" />
                <BranchPoint vc="0" uspid="106" ordinal="13" path="1" offset="112" offsetend="120" sl="106" fileid="4" />
                <BranchPoint vc="0" uspid="107" ordinal="14" path="0" offset="133" offsetend="135" sl="107" fileid="4" />
                <BranchPoint vc="0" uspid="107" ordinal="15" path="1" offset="133" offsetend="139" sl="107" fileid="4" />
                <BranchPoint vc="0" uspid="107" ordinal="16" path="0" offset="145" offsetend="147" sl="107" fileid="4" />
                <BranchPoint vc="0" uspid="107" ordinal="18" path="0" offset="160" offsetend="162" sl="107" fileid="4" />
                <BranchPoint vc="0" uspid="107" ordinal="19" path="1" offset="160" offsetend="166" sl="107" fileid="4" />
                <BranchPoint vc="0" uspid="107" ordinal="20" path="0" offset="172" offsetend="174" sl="107" fileid="4" />
                <BranchPoint vc="0" uspid="107" ordinal="17" path="1" offset="145" offsetend="180" sl="107" fileid="4" />
                <BranchPoint vc="0" uspid="107" ordinal="21" path="1" offset="172" offsetend="180" sl="107" fileid="4" />
                <BranchPoint vc="0" uspid="109" ordinal="23" path="1" offset="192" offsetend="199" sl="109" fileid="4" />
                <BranchPoint vc="0" uspid="112" ordinal="25" path="1" offset="233" offsetend="240" sl="112" fileid="4" />
                <BranchPoint vc="0" uspid="130" ordinal="26" path="0" offset="386" offsetend="388" sl="130" fileid="4" />
                <BranchPoint vc="0" uspid="103" ordinal="0" path="0" offset="15" offsetend="403" sl="103" fileid="4" />
                <BranchPoint vc="0" uspid="109" ordinal="22" path="0" offset="192" offsetend="403" sl="109" fileid="4" />
                <BranchPoint vc="0" uspid="112" ordinal="24" path="0" offset="233" offsetend="403" sl="112" fileid="4" />
                <BranchPoint vc="0" uspid="130" ordinal="27" path="1" offset="386" offsetend="403" sl="130" fileid="4" />
              </BranchPoints>
              <MethodPoint vc="0" uspid="0" p8:type="SequencePoint" ordinal="2" offset="2" sc="0" sl="102" ec="1" el="134" bec="0" bev="0" fileid="4" xmlns:p8="xsi" />
            </Method>
            <Method cyclomaticComplexity="1" nPathComplexity="1" sequenceCoverage="100" branchCoverage="100" isConstructor="True" isGetter="False" isSetter="False" isStatic="True">
              <Summary numSequencePoints="4" visitedSequencePoints="4" numBranchPoints="0" visitedBranchPoints="0" sequenceCoverage="100" branchCoverage="100" maxCyclomaticComplexity="1" minCyclomaticComplexity="1" visitedClasses="0" numClasses="0" visitedMethods="1" numMethods="1" />
              <MetadataToken />
              <Name>System.Void SoulFoodAiBack.Controllers.IngredientController::.ctor(SoulFoodAiBack.Data.DataContext)</Name>
              <FileRef uid="4" />
              <SequencePoints>
                <SequencePoint vc="5" uspid="36" ordinal="0" sl="36" sc="1" el="36" ec="2" bec="0" bev="0" fileid="4" />
                <SequencePoint vc="5" uspid="37" ordinal="1" sl="37" sc="1" el="37" ec="2" bec="0" bev="0" fileid="4" />
                <SequencePoint vc="5" uspid="38" ordinal="2" sl="38" sc="1" el="38" ec="2" bec="0" bev="0" fileid="4" />
                <SequencePoint vc="5" uspid="39" ordinal="3" sl="39" sc="1" el="39" ec="2" bec="0" bev="0" fileid="4" />
              </SequencePoints>
              <BranchPoints />
              <MethodPoint vc="4" uspid="0" p8:type="SequencePoint" ordinal="3" offset="3" sc="0" sl="36" ec="1" el="39" bec="0" bev="0" fileid="4" xmlns:p8="xsi" />
            </Method>
          </Methods>
        </Class>
        <Class>
          <Summary numSequencePoints="18" visitedSequencePoints="1" numBranchPoints="0" visitedBranchPoints="0" sequenceCoverage="5.55" branchCoverage="100" maxCyclomaticComplexity="1" minCyclomaticComplexity="1" visitedClasses="1" numClasses="1" visitedMethods="1" numMethods="3" />
          <FullName>SoulFoodAiBack.Controllers.IngredientController/&lt;&gt;c</FullName>
          <Methods>
            <Method cyclomaticComplexity="1" nPathComplexity="1" sequenceCoverage="0" branchCoverage="100" isConstructor="False" isGetter="False" isSetter="False" isStatic="True">
              <Summary numSequencePoints="1" visitedSequencePoints="0" numBranchPoints="0" visitedBranchPoints="0" sequenceCoverage="0" branchCoverage="100" maxCyclomaticComplexity="1" minCyclomaticComplexity="1" visitedClasses="0" numClasses="0" visitedMethods="0" numMethods="1" />
              <MetadataToken />
              <Name>System.Boolean SoulFoodAiBack.Controllers.IngredientController/&lt;&gt;c::&lt;AddIngredients&gt;b__14_1(SoulFoodAiBack.Dtos.CreateIngredientDto)</Name>
              <FileRef uid="4" />
              <SequencePoints>
                <SequencePoint vc="0" uspid="403" ordinal="0" sl="403" sc="1" el="403" ec="2" bec="0" bev="0" fileid="4" />
              </SequencePoints>
              <BranchPoints />
              <MethodPoint vc="0" uspid="0" p8:type="SequencePoint" ordinal="0" offset="0" sc="0" sl="403" ec="1" el="403" bec="0" bev="0" fileid="4" xmlns:p8="xsi" />
            </Method>
            <Method cyclomaticComplexity="1" nPathComplexity="1" sequenceCoverage="0" branchCoverage="100" isConstructor="False" isGetter="False" isSetter="False" isStatic="True">
              <Summary numSequencePoints="16" visitedSequencePoints="0" numBranchPoints="0" visitedBranchPoints="0" sequenceCoverage="0" branchCoverage="100" maxCyclomaticComplexity="1" minCyclomaticComplexity="1" visitedClasses="0" numClasses="0" visitedMethods="0" numMethods="1" />
              <MetadataToken />
              <Name>SoulFoodAiBack.Models.Ingredient SoulFoodAiBack.Controllers.IngredientController/&lt;&gt;c::&lt;AddIngredients&gt;b__14_0(SoulFoodAiBack.Dtos.CreateIngredientDto)</Name>
              <FileRef uid="4" />
              <SequencePoints>
                <SequencePoint vc="0" uspid="407" ordinal="0" sl="407" sc="1" el="407" ec="2" bec="0" bev="0" fileid="4" />
                <SequencePoint vc="0" uspid="408" ordinal="1" sl="408" sc="1" el="408" ec="2" bec="0" bev="0" fileid="4" />
                <SequencePoint vc="0" uspid="409" ordinal="2" sl="409" sc="1" el="409" ec="2" bec="0" bev="0" fileid="4" />
                <SequencePoint vc="0" uspid="410" ordinal="3" sl="410" sc="1" el="410" ec="2" bec="0" bev="0" fileid="4" />
                <SequencePoint vc="0" uspid="411" ordinal="4" sl="411" sc="1" el="411" ec="2" bec="0" bev="0" fileid="4" />
                <SequencePoint vc="0" uspid="412" ordinal="5" sl="412" sc="1" el="412" ec="2" bec="0" bev="0" fileid="4" />
                <SequencePoint vc="0" uspid="413" ordinal="6" sl="413" sc="1" el="413" ec="2" bec="0" bev="0" fileid="4" />
                <SequencePoint vc="0" uspid="414" ordinal="7" sl="414" sc="1" el="414" ec="2" bec="0" bev="0" fileid="4" />
                <SequencePoint vc="0" uspid="415" ordinal="8" sl="415" sc="1" el="415" ec="2" bec="0" bev="0" fileid="4" />
                <SequencePoint vc="0" uspid="416" ordinal="9" sl="416" sc="1" el="416" ec="2" bec="0" bev="0" fileid="4" />
                <SequencePoint vc="0" uspid="417" ordinal="10" sl="417" sc="1" el="417" ec="2" bec="0" bev="0" fileid="4" />
                <SequencePoint vc="0" uspid="418" ordinal="11" sl="418" sc="1" el="418" ec="2" bec="0" bev="0" fileid="4" />
                <SequencePoint vc="0" uspid="419" ordinal="12" sl="419" sc="1" el="419" ec="2" bec="0" bev="0" fileid="4" />
                <SequencePoint vc="0" uspid="420" ordinal="13" sl="420" sc="1" el="420" ec="2" bec="0" bev="0" fileid="4" />
                <SequencePoint vc="0" uspid="421" ordinal="14" sl="421" sc="1" el="421" ec="2" bec="0" bev="0" fileid="4" />
                <SequencePoint vc="0" uspid="422" ordinal="15" sl="422" sc="1" el="422" ec="2" bec="0" bev="0" fileid="4" />
              </SequencePoints>
              <BranchPoints />
              <MethodPoint vc="0" uspid="0" p8:type="SequencePoint" ordinal="1" offset="1" sc="0" sl="407" ec="1" el="422" bec="0" bev="0" fileid="4" xmlns:p8="xsi" />
            </Method>
            <Method cyclomaticComplexity="1" nPathComplexity="1" sequenceCoverage="100" branchCoverage="100" isConstructor="False" isGetter="False" isSetter="False" isStatic="True">
              <Summary numSequencePoints="1" visitedSequencePoints="1" numBranchPoints="0" visitedBranchPoints="0" sequenceCoverage="100" branchCoverage="100" maxCyclomaticComplexity="1" minCyclomaticComplexity="1" visitedClasses="0" numClasses="0" visitedMethods="1" numMethods="1" />
              <MetadataToken />
              <Name>System.Int32 SoulFoodAiBack.Controllers.IngredientController/&lt;&gt;c::&lt;UpdateIngredients&gt;b__16_0(SoulFoodAiBack.Dtos.UpdateImageIngredientDto)</Name>
              <FileRef uid="4" />
              <SequencePoints>
                <SequencePoint vc="2" uspid="459" ordinal="0" sl="459" sc="1" el="459" ec="2" bec="0" bev="0" fileid="4" />
              </SequencePoints>
              <BranchPoints />
              <MethodPoint vc="1" uspid="0" p8:type="SequencePoint" ordinal="2" offset="2" sc="0" sl="459" ec="1" el="459" bec="0" bev="0" fileid="4" xmlns:p8="xsi" />
            </Method>
          </Methods>
        </Class>
        <Class>
          <Summary numSequencePoints="1" visitedSequencePoints="1" numBranchPoints="0" visitedBranchPoints="0" sequenceCoverage="100" branchCoverage="100" maxCyclomaticComplexity="1" minCyclomaticComplexity="1" visitedClasses="1" numClasses="1" visitedMethods="1" numMethods="1" />
          <FullName>SoulFoodAiBack.Controllers.IngredientController/&lt;&gt;c__DisplayClass16_1</FullName>
          <Methods>
            <Method cyclomaticComplexity="1" nPathComplexity="1" sequenceCoverage="100" branchCoverage="100" isConstructor="False" isGetter="False" isSetter="False" isStatic="True">
              <Summary numSequencePoints="1" visitedSequencePoints="1" numBranchPoints="0" visitedBranchPoints="0" sequenceCoverage="100" branchCoverage="100" maxCyclomaticComplexity="1" minCyclomaticComplexity="1" visitedClasses="0" numClasses="0" visitedMethods="1" numMethods="1" />
              <MetadataToken />
              <Name>System.Boolean SoulFoodAiBack.Controllers.IngredientController/&lt;&gt;c__DisplayClass16_1::&lt;UpdateIngredients&gt;b__2(SoulFoodAiBack.Dtos.UpdateImageIngredientDto)</Name>
              <FileRef uid="4" />
              <SequencePoints>
                <SequencePoint vc="2" uspid="465" ordinal="0" sl="465" sc="1" el="465" ec="2" bec="0" bev="0" fileid="4" />
              </SequencePoints>
              <BranchPoints />
              <MethodPoint vc="1" uspid="0" p8:type="SequencePoint" ordinal="0" offset="0" sc="0" sl="465" ec="1" el="465" bec="0" bev="0" fileid="4" xmlns:p8="xsi" />
            </Method>
          </Methods>
        </Class>
        <Class>
          <Summary numSequencePoints="28" visitedSequencePoints="26" numBranchPoints="6" visitedBranchPoints="3" sequenceCoverage="92.85" branchCoverage="50" maxCyclomaticComplexity="6" minCyclomaticComplexity="6" visitedClasses="1" numClasses="1" visitedMethods="1" numMethods="1" />
          <FullName>SoulFoodAiBack.Controllers.IngredientController/&lt;AddCustomIngredient&gt;d__9</FullName>
          <Methods>
            <Method cyclomaticComplexity="6" nPathComplexity="6" sequenceCoverage="92.85" branchCoverage="50" isConstructor="False" isGetter="False" isSetter="False" isStatic="True">
              <Summary numSequencePoints="28" visitedSequencePoints="26" numBranchPoints="6" visitedBranchPoints="3" sequenceCoverage="92.85" branchCoverage="50" maxCyclomaticComplexity="6" minCyclomaticComplexity="6" visitedClasses="0" numClasses="0" visitedMethods="1" numMethods="1" />
              <MetadataToken />
              <Name>System.Void SoulFoodAiBack.Controllers.IngredientController/&lt;AddCustomIngredient&gt;d__9::MoveNext()</Name>
              <FileRef uid="4" />
              <SequencePoints>
                <SequencePoint vc="1" uspid="207" ordinal="0" sl="207" sc="1" el="207" ec="2" bec="0" bev="0" fileid="4" />
                <SequencePoint vc="1" uspid="208" ordinal="1" sl="208" sc="1" el="208" ec="2" bec="4" bev="2" fileid="4" />
                <SequencePoint vc="0" uspid="209" ordinal="2" sl="209" sc="1" el="209" ec="2" bec="0" bev="0" fileid="4" />
                <SequencePoint vc="0" uspid="210" ordinal="3" sl="210" sc="1" el="210" ec="2" bec="0" bev="0" fileid="4" />
                <SequencePoint vc="1" uspid="212" ordinal="4" sl="212" sc="1" el="212" ec="2" bec="2" bev="1" fileid="4" />
                <SequencePoint vc="1" uspid="213" ordinal="5" sl="213" sc="1" el="213" ec="2" bec="0" bev="0" fileid="4" />
                <SequencePoint vc="1" uspid="214" ordinal="6" sl="214" sc="1" el="214" ec="2" bec="0" bev="0" fileid="4" />
                <SequencePoint vc="1" uspid="215" ordinal="7" sl="215" sc="1" el="215" ec="2" bec="0" bev="0" fileid="4" />
                <SequencePoint vc="1" uspid="216" ordinal="8" sl="216" sc="1" el="216" ec="2" bec="0" bev="0" fileid="4" />
                <SequencePoint vc="1" uspid="217" ordinal="9" sl="217" sc="1" el="217" ec="2" bec="0" bev="0" fileid="4" />
                <SequencePoint vc="1" uspid="218" ordinal="10" sl="218" sc="1" el="218" ec="2" bec="0" bev="0" fileid="4" />
                <SequencePoint vc="1" uspid="219" ordinal="11" sl="219" sc="1" el="219" ec="2" bec="0" bev="0" fileid="4" />
                <SequencePoint vc="1" uspid="220" ordinal="12" sl="220" sc="1" el="220" ec="2" bec="0" bev="0" fileid="4" />
                <SequencePoint vc="1" uspid="221" ordinal="13" sl="221" sc="1" el="221" ec="2" bec="0" bev="0" fileid="4" />
                <SequencePoint vc="1" uspid="222" ordinal="14" sl="222" sc="1" el="222" ec="2" bec="0" bev="0" fileid="4" />
                <SequencePoint vc="1" uspid="223" ordinal="15" sl="223" sc="1" el="223" ec="2" bec="0" bev="0" fileid="4" />
                <SequencePoint vc="1" uspid="224" ordinal="16" sl="224" sc="1" el="224" ec="2" bec="0" bev="0" fileid="4" />
                <SequencePoint vc="1" uspid="225" ordinal="17" sl="225" sc="1" el="225" ec="2" bec="0" bev="0" fileid="4" />
                <SequencePoint vc="1" uspid="226" ordinal="18" sl="226" sc="1" el="226" ec="2" bec="0" bev="0" fileid="4" />
                <SequencePoint vc="1" uspid="227" ordinal="19" sl="227" sc="1" el="227" ec="2" bec="0" bev="0" fileid="4" />
                <SequencePoint vc="1" uspid="228" ordinal="20" sl="228" sc="1" el="228" ec="2" bec="0" bev="0" fileid="4" />
                <SequencePoint vc="1" uspid="229" ordinal="21" sl="229" sc="1" el="229" ec="2" bec="0" bev="0" fileid="4" />
                <SequencePoint vc="1" uspid="230" ordinal="22" sl="230" sc="1" el="230" ec="2" bec="0" bev="0" fileid="4" />
                <SequencePoint vc="1" uspid="231" ordinal="23" sl="231" sc="1" el="231" ec="2" bec="0" bev="0" fileid="4" />
                <SequencePoint vc="1" uspid="232" ordinal="24" sl="232" sc="1" el="232" ec="2" bec="0" bev="0" fileid="4" />
                <SequencePoint vc="1" uspid="233" ordinal="25" sl="233" sc="1" el="233" ec="2" bec="0" bev="0" fileid="4" />
                <SequencePoint vc="1" uspid="234" ordinal="26" sl="234" sc="1" el="234" ec="2" bec="0" bev="0" fileid="4" />
                <SequencePoint vc="1" uspid="235" ordinal="27" sl="235" sc="1" el="235" ec="2" bec="0" bev="0" fileid="4" />
              </SequencePoints>
              <BranchPoints>
                <BranchPoint vc="1" uspid="208" ordinal="0" path="0" offset="45" offsetend="47" sl="208" fileid="4" />
                <BranchPoint vc="0" uspid="208" ordinal="1" path="1" offset="45" offsetend="66" sl="208" fileid="4" />
                <BranchPoint vc="0" uspid="208" ordinal="2" path="0" offset="69" offsetend="71" sl="208" fileid="4" />
                <BranchPoint vc="1" uspid="208" ordinal="3" path="1" offset="69" offsetend="94" sl="208" fileid="4" />
                <BranchPoint vc="0" uspid="212" ordinal="4" path="0" offset="153" offsetend="155" sl="212" fileid="4" />
                <BranchPoint vc="1" uspid="212" ordinal="5" path="1" offset="153" offsetend="162" sl="212" fileid="4" />
              </BranchPoints>
              <MethodPoint vc="26" uspid="0" p8:type="SequencePoint" ordinal="0" offset="0" sc="0" sl="207" ec="1" el="235" bec="0" bev="0" fileid="4" xmlns:p8="xsi" />
            </Method>
          </Methods>
        </Class>
        <Class>
          <Summary numSequencePoints="24" visitedSequencePoints="22" numBranchPoints="2" visitedBranchPoints="1" sequenceCoverage="91.66" branchCoverage="50" maxCyclomaticComplexity="2" minCyclomaticComplexity="2" visitedClasses="1" numClasses="1" visitedMethods="1" numMethods="1" />
          <FullName>SoulFoodAiBack.Controllers.IngredientController/&lt;AddIngredient&gt;d__13</FullName>
          <Methods>
            <Method cyclomaticComplexity="2" nPathComplexity="2" sequenceCoverage="91.66" branchCoverage="50" isConstructor="False" isGetter="False" isSetter="False" isStatic="True">
              <Summary numSequencePoints="24" visitedSequencePoints="22" numBranchPoints="2" visitedBranchPoints="1" sequenceCoverage="91.66" branchCoverage="50" maxCyclomaticComplexity="2" minCyclomaticComplexity="2" visitedClasses="0" numClasses="0" visitedMethods="1" numMethods="1" />
              <MetadataToken />
              <Name>System.Void SoulFoodAiBack.Controllers.IngredientController/&lt;AddIngredient&gt;d__13::MoveNext()</Name>
              <FileRef uid="4" />
              <SequencePoints>
                <SequencePoint vc="1" uspid="364" ordinal="0" sl="364" sc="1" el="364" ec="2" bec="0" bev="0" fileid="4" />
                <SequencePoint vc="1" uspid="365" ordinal="1" sl="365" sc="1" el="365" ec="2" bec="2" bev="1" fileid="4" />
                <SequencePoint vc="0" uspid="366" ordinal="2" sl="366" sc="1" el="366" ec="2" bec="0" bev="0" fileid="4" />
                <SequencePoint vc="0" uspid="367" ordinal="3" sl="367" sc="1" el="367" ec="2" bec="0" bev="0" fileid="4" />
                <SequencePoint vc="1" uspid="369" ordinal="4" sl="369" sc="1" el="369" ec="2" bec="0" bev="0" fileid="4" />
                <SequencePoint vc="1" uspid="370" ordinal="5" sl="370" sc="1" el="370" ec="2" bec="0" bev="0" fileid="4" />
                <SequencePoint vc="1" uspid="371" ordinal="6" sl="371" sc="1" el="371" ec="2" bec="0" bev="0" fileid="4" />
                <SequencePoint vc="1" uspid="372" ordinal="7" sl="372" sc="1" el="372" ec="2" bec="0" bev="0" fileid="4" />
                <SequencePoint vc="1" uspid="373" ordinal="8" sl="373" sc="1" el="373" ec="2" bec="0" bev="0" fileid="4" />
                <SequencePoint vc="1" uspid="374" ordinal="9" sl="374" sc="1" el="374" ec="2" bec="0" bev="0" fileid="4" />
                <SequencePoint vc="1" uspid="375" ordinal="10" sl="375" sc="1" el="375" ec="2" bec="0" bev="0" fileid="4" />
                <SequencePoint vc="1" uspid="376" ordinal="11" sl="376" sc="1" el="376" ec="2" bec="0" bev="0" fileid="4" />
                <SequencePoint vc="1" uspid="377" ordinal="12" sl="377" sc="1" el="377" ec="2" bec="0" bev="0" fileid="4" />
                <SequencePoint vc="1" uspid="378" ordinal="13" sl="378" sc="1" el="378" ec="2" bec="0" bev="0" fileid="4" />
                <SequencePoint vc="1" uspid="379" ordinal="14" sl="379" sc="1" el="379" ec="2" bec="0" bev="0" fileid="4" />
                <SequencePoint vc="1" uspid="380" ordinal="15" sl="380" sc="1" el="380" ec="2" bec="0" bev="0" fileid="4" />
                <SequencePoint vc="1" uspid="381" ordinal="16" sl="381" sc="1" el="381" ec="2" bec="0" bev="0" fileid="4" />
                <SequencePoint vc="1" uspid="382" ordinal="17" sl="382" sc="1" el="382" ec="2" bec="0" bev="0" fileid="4" />
                <SequencePoint vc="1" uspid="383" ordinal="18" sl="383" sc="1" el="383" ec="2" bec="0" bev="0" fileid="4" />
                <SequencePoint vc="1" uspid="384" ordinal="19" sl="384" sc="1" el="384" ec="2" bec="0" bev="0" fileid="4" />
                <SequencePoint vc="1" uspid="385" ordinal="20" sl="385" sc="1" el="385" ec="2" bec="0" bev="0" fileid="4" />
                <SequencePoint vc="1" uspid="386" ordinal="21" sl="386" sc="1" el="386" ec="2" bec="0" bev="0" fileid="4" />
                <SequencePoint vc="1" uspid="387" ordinal="22" sl="387" sc="1" el="387" ec="2" bec="0" bev="0" fileid="4" />
                <SequencePoint vc="1" uspid="388" ordinal="23" sl="388" sc="1" el="388" ec="2" bec="0" bev="0" fileid="4" />
              </SequencePoints>
              <BranchPoints>
                <BranchPoint vc="0" uspid="365" ordinal="0" path="0" offset="36" offsetend="38" sl="365" fileid="4" />
                <BranchPoint vc="1" uspid="365" ordinal="1" path="1" offset="36" offsetend="61" sl="365" fileid="4" />
              </BranchPoints>
              <MethodPoint vc="22" uspid="0" p8:type="SequencePoint" ordinal="0" offset="0" sc="0" sl="364" ec="1" el="388" bec="0" bev="0" fileid="4" xmlns:p8="xsi" />
            </Method>
          </Methods>
        </Class>
        <Class>
          <Summary numSequencePoints="10" visitedSequencePoints="0" numBranchPoints="6" visitedBranchPoints="0" sequenceCoverage="0" branchCoverage="0" maxCyclomaticComplexity="6" minCyclomaticComplexity="6" visitedClasses="0" numClasses="1" visitedMethods="0" numMethods="1" />
          <FullName>SoulFoodAiBack.Controllers.IngredientController/&lt;AddIngredients&gt;d__14</FullName>
          <Methods>
            <Method cyclomaticComplexity="6" nPathComplexity="6" sequenceCoverage="0" branchCoverage="0" isConstructor="False" isGetter="False" isSetter="False" isStatic="True">
              <Summary numSequencePoints="10" visitedSequencePoints="0" numBranchPoints="6" visitedBranchPoints="0" sequenceCoverage="0" branchCoverage="0" maxCyclomaticComplexity="6" minCyclomaticComplexity="6" visitedClasses="0" numClasses="0" visitedMethods="0" numMethods="1" />
              <MetadataToken />
              <Name>System.Void SoulFoodAiBack.Controllers.IngredientController/&lt;AddIngredients&gt;d__14::MoveNext()</Name>
              <FileRef uid="4" />
              <SequencePoints>
                <SequencePoint vc="0" uspid="398" ordinal="0" sl="398" sc="1" el="398" ec="2" bec="0" bev="0" fileid="4" />
                <SequencePoint vc="0" uspid="399" ordinal="1" sl="399" sc="1" el="399" ec="2" bec="4" bev="0" fileid="4" />
                <SequencePoint vc="0" uspid="400" ordinal="2" sl="400" sc="1" el="400" ec="2" bec="0" bev="0" fileid="4" />
                <SequencePoint vc="0" uspid="401" ordinal="3" sl="401" sc="1" el="401" ec="2" bec="0" bev="0" fileid="4" />
                <SequencePoint vc="0" uspid="404" ordinal="4" sl="404" sc="1" el="404" ec="2" bec="0" bev="0" fileid="4" />
                <SequencePoint vc="0" uspid="405" ordinal="5" sl="405" sc="1" el="405" ec="2" bec="0" bev="0" fileid="4" />
                <SequencePoint vc="0" uspid="423" ordinal="6" sl="423" sc="1" el="423" ec="2" bec="0" bev="0" fileid="4" />
                <SequencePoint vc="0" uspid="424" ordinal="7" sl="424" sc="1" el="424" ec="2" bec="0" bev="0" fileid="4" />
                <SequencePoint vc="0" uspid="425" ordinal="8" sl="425" sc="1" el="425" ec="2" bec="0" bev="0" fileid="4" />
                <SequencePoint vc="0" uspid="426" ordinal="9" sl="426" sc="1" el="426" ec="2" bec="0" bev="0" fileid="4" />
              </SequencePoints>
              <BranchPoints>
                <BranchPoint vc="0" uspid="399" ordinal="0" path="0" offset="24" offsetend="26" sl="399" fileid="4" />
                <BranchPoint vc="0" uspid="399" ordinal="1" path="1" offset="24" offsetend="42" sl="399" fileid="4" />
                <BranchPoint vc="0" uspid="399" ordinal="2" path="0" offset="45" offsetend="47" sl="399" fileid="4" />
                <BranchPoint vc="0" uspid="399" ordinal="3" path="1" offset="45" offsetend="70" sl="399" fileid="4" />
                <BranchPoint vc="0" uspid="403" ordinal="4" path="0" offset="114" offsetend="116" sl="403" fileid="4" />
                <BranchPoint vc="0" uspid="403" ordinal="5" path="1" offset="114" offsetend="139" sl="403" fileid="4" />
              </BranchPoints>
              <MethodPoint vc="0" uspid="0" p8:type="SequencePoint" ordinal="0" offset="0" sc="0" sl="398" ec="1" el="426" bec="0" bev="0" fileid="4" xmlns:p8="xsi" />
            </Method>
          </Methods>
        </Class>
        <Class>
          <Summary numSequencePoints="48" visitedSequencePoints="0" numBranchPoints="22" visitedBranchPoints="0" sequenceCoverage="0" branchCoverage="0" maxCyclomaticComplexity="22" minCyclomaticComplexity="22" visitedClasses="0" numClasses="1" visitedMethods="0" numMethods="1" />
          <FullName>SoulFoodAiBack.Controllers.IngredientController/&lt;AddSearchedIngredient&gt;d__12</FullName>
          <Methods>
            <Method cyclomaticComplexity="22" nPathComplexity="22" sequenceCoverage="0" branchCoverage="0" isConstructor="False" isGetter="False" isSetter="False" isStatic="True">
              <Summary numSequencePoints="48" visitedSequencePoints="0" numBranchPoints="22" visitedBranchPoints="0" sequenceCoverage="0" branchCoverage="0" maxCyclomaticComplexity="22" minCyclomaticComplexity="22" visitedClasses="0" numClasses="0" visitedMethods="0" numMethods="1" />
              <MetadataToken />
              <Name>System.Void SoulFoodAiBack.Controllers.IngredientController/&lt;AddSearchedIngredient&gt;d__12::MoveNext()</Name>
              <FileRef uid="4" />
              <SequencePoints>
                <SequencePoint vc="0" uspid="307" ordinal="0" sl="307" sc="1" el="307" ec="2" bec="0" bev="0" fileid="4" />
                <SequencePoint vc="0" uspid="308" ordinal="1" sl="308" sc="1" el="308" ec="2" bec="2" bev="0" fileid="4" />
                <SequencePoint vc="0" uspid="309" ordinal="2" sl="309" sc="1" el="309" ec="2" bec="0" bev="0" fileid="4" />
                <SequencePoint vc="0" uspid="310" ordinal="3" sl="310" sc="1" el="310" ec="2" bec="2" bev="0" fileid="4" />
                <SequencePoint vc="0" uspid="311" ordinal="4" sl="311" sc="1" el="311" ec="2" bec="0" bev="0" fileid="4" />
                <SequencePoint vc="0" uspid="312" ordinal="5" sl="312" sc="1" el="312" ec="2" bec="0" bev="0" fileid="4" />
                <SequencePoint vc="0" uspid="313" ordinal="6" sl="313" sc="1" el="313" ec="2" bec="2" bev="0" fileid="4" />
                <SequencePoint vc="0" uspid="314" ordinal="7" sl="314" sc="1" el="314" ec="2" bec="0" bev="0" fileid="4" />
                <SequencePoint vc="0" uspid="315" ordinal="8" sl="315" sc="1" el="315" ec="2" bec="4" bev="0" fileid="4" />
                <SequencePoint vc="0" uspid="316" ordinal="9" sl="316" sc="1" el="316" ec="2" bec="0" bev="0" fileid="4" />
                <SequencePoint vc="0" uspid="317" ordinal="10" sl="317" sc="1" el="317" ec="2" bec="0" bev="0" fileid="4" />
                <SequencePoint vc="0" uspid="318" ordinal="11" sl="318" sc="1" el="318" ec="2" bec="0" bev="0" fileid="4" />
                <SequencePoint vc="0" uspid="319" ordinal="12" sl="319" sc="1" el="319" ec="2" bec="0" bev="0" fileid="4" />
                <SequencePoint vc="0" uspid="320" ordinal="13" sl="320" sc="1" el="320" ec="2" bec="0" bev="0" fileid="4" />
                <SequencePoint vc="0" uspid="321" ordinal="14" sl="321" sc="1" el="321" ec="2" bec="0" bev="0" fileid="4" />
                <SequencePoint vc="0" uspid="322" ordinal="15" sl="322" sc="1" el="322" ec="2" bec="0" bev="0" fileid="4" />
                <SequencePoint vc="0" uspid="323" ordinal="16" sl="323" sc="1" el="323" ec="2" bec="0" bev="0" fileid="4" />
                <SequencePoint vc="0" uspid="324" ordinal="17" sl="324" sc="1" el="324" ec="2" bec="0" bev="0" fileid="4" />
                <SequencePoint vc="0" uspid="325" ordinal="18" sl="325" sc="1" el="325" ec="2" bec="0" bev="0" fileid="4" />
                <SequencePoint vc="0" uspid="326" ordinal="19" sl="326" sc="1" el="326" ec="2" bec="0" bev="0" fileid="4" />
                <SequencePoint vc="0" uspid="327" ordinal="20" sl="327" sc="1" el="327" ec="2" bec="0" bev="0" fileid="4" />
                <SequencePoint vc="0" uspid="328" ordinal="21" sl="328" sc="1" el="328" ec="2" bec="0" bev="0" fileid="4" />
                <SequencePoint vc="0" uspid="329" ordinal="22" sl="329" sc="1" el="329" ec="2" bec="0" bev="0" fileid="4" />
                <SequencePoint vc="0" uspid="330" ordinal="23" sl="330" sc="1" el="330" ec="2" bec="0" bev="0" fileid="4" />
                <SequencePoint vc="0" uspid="331" ordinal="24" sl="331" sc="1" el="331" ec="2" bec="0" bev="0" fileid="4" />
                <SequencePoint vc="0" uspid="332" ordinal="25" sl="332" sc="1" el="332" ec="2" bec="2" bev="0" fileid="4" />
                <SequencePoint vc="0" uspid="333" ordinal="26" sl="333" sc="1" el="333" ec="2" bec="0" bev="0" fileid="4" />
                <SequencePoint vc="0" uspid="334" ordinal="27" sl="334" sc="1" el="334" ec="2" bec="0" bev="0" fileid="4" />
                <SequencePoint vc="0" uspid="335" ordinal="28" sl="335" sc="1" el="335" ec="2" bec="2" bev="0" fileid="4" />
                <SequencePoint vc="0" uspid="336" ordinal="29" sl="336" sc="1" el="336" ec="2" bec="2" bev="0" fileid="4" />
                <SequencePoint vc="0" uspid="337" ordinal="30" sl="337" sc="1" el="337" ec="2" bec="2" bev="0" fileid="4" />
                <SequencePoint vc="0" uspid="338" ordinal="31" sl="338" sc="1" el="338" ec="2" bec="2" bev="0" fileid="4" />
                <SequencePoint vc="0" uspid="339" ordinal="32" sl="339" sc="1" el="339" ec="2" bec="0" bev="0" fileid="4" />
                <SequencePoint vc="0" uspid="340" ordinal="33" sl="340" sc="1" el="340" ec="2" bec="0" bev="0" fileid="4" />
                <SequencePoint vc="0" uspid="341" ordinal="34" sl="341" sc="1" el="341" ec="2" bec="0" bev="0" fileid="4" />
                <SequencePoint vc="0" uspid="342" ordinal="35" sl="342" sc="1" el="342" ec="2" bec="0" bev="0" fileid="4" />
                <SequencePoint vc="0" uspid="343" ordinal="36" sl="343" sc="1" el="343" ec="2" bec="2" bev="0" fileid="4" />
                <SequencePoint vc="0" uspid="344" ordinal="37" sl="344" sc="1" el="344" ec="2" bec="0" bev="0" fileid="4" />
                <SequencePoint vc="0" uspid="345" ordinal="38" sl="345" sc="1" el="345" ec="2" bec="0" bev="0" fileid="4" />
                <SequencePoint vc="0" uspid="346" ordinal="39" sl="346" sc="1" el="346" ec="2" bec="0" bev="0" fileid="4" />
                <SequencePoint vc="0" uspid="347" ordinal="40" sl="347" sc="1" el="347" ec="2" bec="0" bev="0" fileid="4" />
                <SequencePoint vc="0" uspid="348" ordinal="41" sl="348" sc="1" el="348" ec="2" bec="0" bev="0" fileid="4" />
                <SequencePoint vc="0" uspid="349" ordinal="42" sl="349" sc="1" el="349" ec="2" bec="0" bev="0" fileid="4" />
                <SequencePoint vc="0" uspid="350" ordinal="43" sl="350" sc="1" el="350" ec="2" bec="0" bev="0" fileid="4" />
                <SequencePoint vc="0" uspid="351" ordinal="44" sl="351" sc="1" el="351" ec="2" bec="0" bev="0" fileid="4" />
                <SequencePoint vc="0" uspid="352" ordinal="45" sl="352" sc="1" el="352" ec="2" bec="0" bev="0" fileid="4" />
                <SequencePoint vc="0" uspid="353" ordinal="46" sl="353" sc="1" el="353" ec="2" bec="0" bev="0" fileid="4" />
                <SequencePoint vc="0" uspid="354" ordinal="47" sl="354" sc="1" el="354" ec="2" bec="0" bev="0" fileid="4" />
              </SequencePoints>
              <BranchPoints>
                <BranchPoint vc="0" uspid="308" ordinal="0" path="0" offset="122" offsetend="124" sl="308" fileid="4" />
                <BranchPoint vc="0" uspid="308" ordinal="1" path="1" offset="122" offsetend="146" sl="308" fileid="4" />
                <BranchPoint vc="0" uspid="310" ordinal="2" path="0" offset="419" offsetend="421" sl="310" fileid="4" />
                <BranchPoint vc="0" uspid="310" ordinal="3" path="1" offset="419" offsetend="443" sl="310" fileid="4" />
                <BranchPoint vc="0" uspid="313" ordinal="4" path="0" offset="736" offsetend="741" sl="313" fileid="4" />
                <BranchPoint vc="0" uspid="315" ordinal="6" path="0" offset="794" offsetend="796" sl="315" fileid="4" />
                <BranchPoint vc="0" uspid="315" ordinal="7" path="1" offset="794" offsetend="802" sl="315" fileid="4" />
                <BranchPoint vc="0" uspid="315" ordinal="8" path="0" offset="968" offsetend="970" sl="315" fileid="4" />
                <BranchPoint vc="0" uspid="315" ordinal="9" path="1" offset="968" offsetend="977" sl="315" fileid="4" />
                <BranchPoint vc="0" uspid="313" ordinal="5" path="1" offset="736" offsetend="1199" sl="313" fileid="4" />
                <BranchPoint vc="0" uspid="332" ordinal="10" path="0" offset="1219" offsetend="1224" sl="332" fileid="4" />
                <BranchPoint vc="0" uspid="335" ordinal="12" path="0" offset="1271" offsetend="1273" sl="335" fileid="4" />
                <BranchPoint vc="0" uspid="335" ordinal="13" path="1" offset="1271" offsetend="1290" sl="335" fileid="4" />
                <BranchPoint vc="0" uspid="336" ordinal="14" path="0" offset="1324" offsetend="1326" sl="336" fileid="4" />
                <BranchPoint vc="0" uspid="336" ordinal="15" path="1" offset="1324" offsetend="1343" sl="336" fileid="4" />
[...]
              </BranchPoints>
              <MethodPoint vc="7" uspid="0" p8:type="SequencePoint" ordinal="0" offset="0" sc="0" sl="285" ec="1" el="292" bec="0" bev="0" fileid="12" xmlns:p8="xsi" />
            </Method>
          </Methods>
        </Class>
        <Class>
          <Summary numSequencePoints="4" visitedSequencePoints="4" numBranchPoints="0" visitedBranchPoints="0" sequenceCoverage="100" branchCoverage="100" maxCyclomaticComplexity="1" minCyclomaticComplexity="1" visitedClasses="1" numClasses="1" visitedMethods="1" numMethods="1" />
          <FullName>SoulFoodAiBack.Controllers.UserIngredientController</FullName>
          <Methods>
            <Method cyclomaticComplexity="1" nPathComplexity="1" sequenceCoverage="100" branchCoverage="100" isConstructor="True" isGetter="False" isSetter="False" isStatic="True">
              <Summary numSequencePoints="4" visitedSequencePoints="4" numBranchPoints="0" visitedBranchPoints="0" sequenceCoverage="100" branchCoverage="100" maxCyclomaticComplexity="1" minCyclomaticComplexity="1" visitedClasses="0" numClasses="0" visitedMethods="1" numMethods="1" />
              <MetadataToken />
              <Name>System.Void SoulFoodAiBack.Controllers.UserIngredientController::.ctor(SoulFoodAiBack.Data.DataContext)</Name>
              <FileRef uid="13" />
              <SequencePoints>
                <SequencePoint vc="4" uspid="33" ordinal="0" sl="33" sc="1" el="33" ec="2" bec="0" bev="0" fileid="13" />
                <SequencePoint vc="4" uspid="34" ordinal="1" sl="34" sc="1" el="34" ec="2" bec="0" bev="0" fileid="13" />
                <SequencePoint vc="4" uspid="35" ordinal="2" sl="35" sc="1" el="35" ec="2" bec="0" bev="0" fileid="13" />
                <SequencePoint vc="4" uspid="36" ordinal="3" sl="36" sc="1" el="36" ec="2" bec="0" bev="0" fileid="13" />
              </SequencePoints>
              <BranchPoints />
              <MethodPoint vc="4" uspid="0" p8:type="SequencePoint" ordinal="0" offset="0" sc="0" sl="33" ec="1" el="36" bec="0" bev="0" fileid="13" xmlns:p8="xsi" />
            </Method>
          </Methods>
        </Class>
        <Class>
          <Summary numSequencePoints="55" visitedSequencePoints="24" numBranchPoints="18" visitedBranchPoints="8" sequenceCoverage="43.63" branchCoverage="44.44" maxCyclomaticComplexity="18" minCyclomaticComplexity="18" visitedClasses="1" numClasses="1" visitedMethods="1" numMethods="1" />
          <FullName>SoulFoodAiBack.Controllers.UserIngredientController/&lt;AddFavorite&gt;d__2</FullName>
          <Methods>
            <Method cyclomaticComplexity="18" nPathComplexity="18" sequenceCoverage="43.63" branchCoverage="44.44" isConstructor="False" isGetter="False" isSetter="False" isStatic="True">
              <Summary numSequencePoints="55" visitedSequencePoints="24" numBranchPoints="18" visitedBranchPoints="8" sequenceCoverage="43.63" branchCoverage="44.44" maxCyclomaticComplexity="18" minCyclomaticComplexity="18" visitedClasses="0" numClasses="0" visitedMethods="1" numMethods="1" />
              <MetadataToken />
              <Name>System.Void SoulFoodAiBack.Controllers.UserIngredientController/&lt;AddFavorite&gt;d__2::MoveNext()</Name>
              <FileRef uid="13" />
              <SequencePoints>
                <SequencePoint vc="2" uspid="47" ordinal="0" sl="47" sc="1" el="47" ec="2" bec="0" bev="0" fileid="13" />
                <SequencePoint vc="2" uspid="48" ordinal="1" sl="48" sc="1" el="48" ec="2" bec="2" bev="2" fileid="13" />
                <SequencePoint vc="1" uspid="49" ordinal="2" sl="49" sc="1" el="49" ec="2" bec="0" bev="0" fileid="13" />
                <SequencePoint vc="1" uspid="50" ordinal="3" sl="50" sc="1" el="50" ec="2" bec="0" bev="0" fileid="13" />
                <SequencePoint vc="1" uspid="53" ordinal="4" sl="53" sc="1" el="53" ec="2" bec="0" bev="0" fileid="13" />
                <SequencePoint vc="1" uspid="54" ordinal="5" sl="54" sc="1" el="54" ec="2" bec="2" bev="1" fileid="13" />
                <SequencePoint vc="0" uspid="55" ordinal="6" sl="55" sc="1" el="55" ec="2" bec="0" bev="0" fileid="13" />
                <SequencePoint vc="0" uspid="56" ordinal="7" sl="56" sc="1" el="56" ec="2" bec="0" bev="0" fileid="13" />
                <SequencePoint vc="1" uspid="59" ordinal="8" sl="59" sc="1" el="59" ec="2" bec="0" bev="0" fileid="13" />
                <SequencePoint vc="1" uspid="61" ordinal="9" sl="61" sc="1" el="61" ec="2" bec="4" bev="2" fileid="13" />
                <SequencePoint vc="1" uspid="62" ordinal="10" sl="62" sc="1" el="62" ec="2" bec="0" bev="0" fileid="13" />
                <SequencePoint vc="1" uspid="63" ordinal="11" sl="63" sc="1" el="63" ec="2" bec="0" bev="0" fileid="13" />
                <SequencePoint vc="1" uspid="64" ordinal="12" sl="64" sc="1" el="64" ec="2" bec="0" bev="0" fileid="13" />
                <SequencePoint vc="0" uspid="65" ordinal="13" sl="65" sc="1" el="65" ec="2" bec="2" bev="1" fileid="13" />
                <SequencePoint vc="0" uspid="66" ordinal="14" sl="66" sc="1" el="66" ec="2" bec="0" bev="0" fileid="13" />
                <SequencePoint vc="0" uspid="67" ordinal="15" sl="67" sc="1" el="67" ec="2" bec="0" bev="0" fileid="13" />
                <SequencePoint vc="0" uspid="68" ordinal="16" sl="68" sc="1" el="68" ec="2" bec="0" bev="0" fileid="13" />
                <SequencePoint vc="0" uspid="70" ordinal="17" sl="70" sc="1" el="70" ec="2" bec="2" bev="0" fileid="13" />
                <SequencePoint vc="0" uspid="71" ordinal="18" sl="71" sc="1" el="71" ec="2" bec="0" bev="0" fileid="13" />
                <SequencePoint vc="0" uspid="72" ordinal="19" sl="72" sc="1" el="72" ec="2" bec="2" bev="0" fileid="13" />
                <SequencePoint vc="0" uspid="73" ordinal="20" sl="73" sc="1" el="73" ec="2" bec="0" bev="0" fileid="13" />
                <SequencePoint vc="0" uspid="74" ordinal="21" sl="74" sc="1" el="74" ec="2" bec="0" bev="0" fileid="13" />
                <SequencePoint vc="0" uspid="77" ordinal="22" sl="77" sc="1" el="77" ec="2" bec="0" bev="0" fileid="13" />
                <SequencePoint vc="0" uspid="78" ordinal="23" sl="78" sc="1" el="78" ec="2" bec="0" bev="0" fileid="13" />
                <SequencePoint vc="0" uspid="79" ordinal="24" sl="79" sc="1" el="79" ec="2" bec="0" bev="0" fileid="13" />
                <SequencePoint vc="0" uspid="80" ordinal="25" sl="80" sc="1" el="80" ec="2" bec="0" bev="0" fileid="13" />
                <SequencePoint vc="0" uspid="81" ordinal="26" sl="81" sc="1" el="81" ec="2" bec="0" bev="0" fileid="13" />
                <SequencePoint vc="0" uspid="82" ordinal="27" sl="82" sc="1" el="82" ec="2" bec="0" bev="0" fileid="13" />
                <SequencePoint vc="0" uspid="83" ordinal="28" sl="83" sc="1" el="83" ec="2" bec="0" bev="0" fileid="13" />
                <SequencePoint vc="0" uspid="84" ordinal="29" sl="84" sc="1" el="84" ec="2" bec="0" bev="0" fileid="13" />
                <SequencePoint vc="0" uspid="85" ordinal="30" sl="85" sc="1" el="85" ec="2" bec="0" bev="0" fileid="13" />
                <SequencePoint vc="0" uspid="86" ordinal="31" sl="86" sc="1" el="86" ec="2" bec="0" bev="0" fileid="13" />
                <SequencePoint vc="0" uspid="87" ordinal="32" sl="87" sc="1" el="87" ec="2" bec="0" bev="0" fileid="13" />
                <SequencePoint vc="0" uspid="88" ordinal="33" sl="88" sc="1" el="88" ec="2" bec="0" bev="0" fileid="13" />
                <SequencePoint vc="0" uspid="90" ordinal="34" sl="90" sc="1" el="90" ec="2" bec="0" bev="0" fileid="13" />
                <SequencePoint vc="0" uspid="91" ordinal="35" sl="91" sc="1" el="91" ec="2" bec="0" bev="0" fileid="13" />
                <SequencePoint vc="0" uspid="92" ordinal="36" sl="92" sc="1" el="92" ec="2" bec="0" bev="0" fileid="13" />
                <SequencePoint vc="0" uspid="93" ordinal="37" sl="93" sc="1" el="93" ec="2" bec="0" bev="0" fileid="13" />
                <SequencePoint vc="1" uspid="95" ordinal="38" sl="95" sc="1" el="95" ec="2" bec="2" bev="1" fileid="13" />
                <SequencePoint vc="0" uspid="96" ordinal="39" sl="96" sc="1" el="96" ec="2" bec="0" bev="0" fileid="13" />
                <SequencePoint vc="0" uspid="97" ordinal="40" sl="97" sc="1" el="97" ec="2" bec="0" bev="0" fileid="13" />
                <SequencePoint vc="1" uspid="100" ordinal="41" sl="100" sc="1" el="100" ec="2" bec="0" bev="0" fileid="13" />
                <SequencePoint vc="1" uspid="101" ordinal="42" sl="101" sc="1" el="101" ec="2" bec="0" bev="0" fileid="13" />
                <SequencePoint vc="1" uspid="103" ordinal="43" sl="103" sc="1" el="103" ec="2" bec="2" bev="1" fileid="13" />
                <SequencePoint vc="0" uspid="104" ordinal="44" sl="104" sc="1" el="104" ec="2" bec="0" bev="0" fileid="13" />
                <SequencePoint vc="0" uspid="105" ordinal="45" sl="105" sc="1" el="105" ec="2" bec="0" bev="0" fileid="13" />
                <SequencePoint vc="1" uspid="108" ordinal="46" sl="108" sc="1" el="108" ec="2" bec="0" bev="0" fileid="13" />
                <SequencePoint vc="1" uspid="109" ordinal="47" sl="109" sc="1" el="109" ec="2" bec="0" bev="0" fileid="13" />
                <SequencePoint vc="1" uspid="110" ordinal="48" sl="110" sc="1" el="110" ec="2" bec="0" bev="0" fileid="13" />
                <SequencePoint vc="1" uspid="111" ordinal="49" sl="111" sc="1" el="111" ec="2" bec="0" bev="0" fileid="13" />
                <SequencePoint vc="1" uspid="112" ordinal="50" sl="112" sc="1" el="112" ec="2" bec="0" bev="0" fileid="13" />
                <SequencePoint vc="1" uspid="114" ordinal="51" sl="114" sc="1" el="114" ec="2" bec="0" bev="0" fileid="13" />
                <SequencePoint vc="1" uspid="115" ordinal="52" sl="115" sc="1" el="115" ec="2" bec="0" bev="0" fileid="13" />
                <SequencePoint vc="1" uspid="117" ordinal="53" sl="117" sc="1" el="117" ec="2" bec="0" bev="0" fileid="13" />
                <SequencePoint vc="2" uspid="118" ordinal="54" sl="118" sc="1" el="118" ec="2" bec="0" bev="0" fileid="13" />
              </SequencePoints>
              <BranchPoints>
                <BranchPoint vc="1" uspid="48" ordinal="0" path="0" offset="122" offsetend="124" sl="48" fileid="13" />
                <BranchPoint vc="1" uspid="48" ordinal="1" path="1" offset="122" offsetend="147" sl="48" fileid="13" />
                <BranchPoint vc="0" uspid="54" ordinal="2" path="0" offset="420" offsetend="422" sl="54" fileid="13" />
                <BranchPoint vc="1" uspid="54" ordinal="3" path="1" offset="420" offsetend="507" sl="54" fileid="13" />
                <BranchPoint vc="1" uspid="61" ordinal="4" path="0" offset="544" offsetend="546" sl="61" fileid="13" />
                <BranchPoint vc="0" uspid="61" ordinal="5" path="1" offset="544" offsetend="588" sl="61" fileid="13" />
                <BranchPoint vc="1" uspid="61" ordinal="6" path="0" offset="593" offsetend="598" sl="61" fileid="13" />
                <BranchPoint vc="0" uspid="61" ordinal="7" path="1" offset="593" offsetend="783" sl="61" fileid="13" />
                <BranchPoint vc="0" uspid="65" ordinal="8" path="0" offset="811" offsetend="816" sl="65" fileid="13" />
                <BranchPoint vc="0" uspid="70" ordinal="10" path="0" offset="1110" offsetend="1115" sl="70" fileid="13" />
                <BranchPoint vc="0" uspid="72" ordinal="12" path="0" offset="1141" offsetend="1143" sl="72" fileid="13" />
                <BranchPoint vc="0" uspid="72" ordinal="13" path="1" offset="1141" offsetend="1166" sl="72" fileid="13" />
                <BranchPoint vc="0" uspid="70" ordinal="11" path="1" offset="1110" offsetend="1532" sl="70" fileid="13" />
                <BranchPoint vc="1" uspid="65" ordinal="9" path="1" offset="811" offsetend="1533" sl="65" fileid="13" />
                <BranchPoint vc="0" uspid="95" ordinal="14" path="0" offset="1551" offsetend="1553" sl="95" fileid="13" />
                <BranchPoint vc="1" uspid="95" ordinal="15" path="1" offset="1551" offsetend="1576" sl="95" fileid="13" />
                <BranchPoint vc="0" uspid="103" ordinal="16" path="0" offset="1937" offsetend="1939" sl="103" fileid="13" />
                <BranchPoint vc="1" uspid="103" ordinal="17" path="1" offset="1937" offsetend="1967" sl="103" fileid="13" />
              </BranchPoints>
              <MethodPoint vc="24" uspid="0" p8:type="SequencePoint" ordinal="0" offset="0" sc="0" sl="47" ec="1" el="118" bec="0" bev="0" fileid="13" xmlns:p8="xsi" />
            </Method>
          </Methods>
        </Class>
        <Class>
          <Summary numSequencePoints="14" visitedSequencePoints="12" numBranchPoints="2" visitedBranchPoints="1" sequenceCoverage="85.71" branchCoverage="50" maxCyclomaticComplexity="2" minCyclomaticComplexity="2" visitedClasses="1" numClasses="1" visitedMethods="1" numMethods="1" />
          <FullName>SoulFoodAiBack.Controllers.UserIngredientController/&lt;GetFavorites&gt;d__4</FullName>
          <Methods>
            <Method cyclomaticComplexity="2" nPathComplexity="2" sequenceCoverage="85.71" branchCoverage="50" isConstructor="False" isGetter="False" isSetter="False" isStatic="True">
              <Summary numSequencePoints="14" visitedSequencePoints="12" numBranchPoints="2" visitedBranchPoints="1" sequenceCoverage="85.71" branchCoverage="50" maxCyclomaticComplexity="2" minCyclomaticComplexity="2" visitedClasses="0" numClasses="0" visitedMethods="1" numMethods="1" />
              <MetadataToken />
              <Name>System.Void SoulFoodAiBack.Controllers.UserIngredientController/&lt;GetFavorites&gt;d__4::MoveNext()</Name>
              <FileRef uid="13" />
              <SequencePoints>
                <SequencePoint vc="1" uspid="156" ordinal="0" sl="156" sc="1" el="156" ec="2" bec="0" bev="0" fileid="13" />
                <SequencePoint vc="1" uspid="157" ordinal="1" sl="157" sc="1" el="157" ec="2" bec="2" bev="1" fileid="13" />
                <SequencePoint vc="0" uspid="158" ordinal="2" sl="158" sc="1" el="158" ec="2" bec="0" bev="0" fileid="13" />
                <SequencePoint vc="0" uspid="159" ordinal="3" sl="159" sc="1" el="159" ec="2" bec="0" bev="0" fileid="13" />
                <SequencePoint vc="1" uspid="162" ordinal="4" sl="162" sc="1" el="162" ec="2" bec="0" bev="0" fileid="13" />
                <SequencePoint vc="1" uspid="163" ordinal="5" sl="163" sc="1" el="163" ec="2" bec="0" bev="0" fileid="13" />
                <SequencePoint vc="1" uspid="164" ordinal="6" sl="164" sc="1" el="164" ec="2" bec="0" bev="0" fileid="13" />
                <SequencePoint vc="1" uspid="165" ordinal="7" sl="165" sc="1" el="165" ec="2" bec="0" bev="0" fileid="13" />
                <SequencePoint vc="1" uspid="166" ordinal="8" sl="166" sc="1" el="166" ec="2" bec="0" bev="0" fileid="13" />
                <SequencePoint vc="1" uspid="167" ordinal="9" sl="167" sc="1" el="167" ec="2" bec="0" bev="0" fileid="13" />
                <SequencePoint vc="1" uspid="168" ordinal="10" sl="168" sc="1" el="168" ec="2" bec="0" bev="0" fileid="13" />
                <SequencePoint vc="1" uspid="169" ordinal="11" sl="169" sc="1" el="169" ec="2" bec="0" bev="0" fileid="13" />
                <SequencePoint vc="1" uspid="171" ordinal="12" sl="171" sc="1" el="171" ec="2" bec="0" bev="0" fileid="13" />
                <SequencePoint vc="1" uspid="172" ordinal="13" sl="172" sc="1" el="172" ec="2" bec="0" bev="0" fileid="13" />
              </SequencePoints>
              <BranchPoints>
                <BranchPoint vc="0" uspid="157" ordinal="0" path="0" offset="65" offsetend="67" sl="157" fileid="13" />
                <BranchPoint vc="1" uspid="157" ordinal="1" path="1" offset="65" offsetend="90" sl="157" fileid="13" />
              </BranchPoints>
              <MethodPoint vc="12" uspid="0" p8:type="SequencePoint" ordinal="0" offset="0" sc="0" sl="156" ec="1" el="172" bec="0" bev="0" fileid="13" xmlns:p8="xsi" />
            </Method>
          </Methods>
        </Class>
        <Class>
          <Summary numSequencePoints="13" visitedSequencePoints="9" numBranchPoints="6" visitedBranchPoints="3" sequenceCoverage="69.23" branchCoverage="50" maxCyclomaticComplexity="6" minCyclomaticComplexity="6" visitedClasses="1" numClasses="1" visitedMethods="1" numMethods="1" />
          <FullName>SoulFoodAiBack.Controllers.UserIngredientController/&lt;RemoveFavorite&gt;d__3</FullName>
          <Methods>
            <Method cyclomaticComplexity="6" nPathComplexity="6" sequenceCoverage="69.23" branchCoverage="50" isConstructor="False" isGetter="False" isSetter="False" isStatic="True">
              <Summary numSequencePoints="13" visitedSequencePoints="9" numBranchPoints="6" visitedBranchPoints="3" sequenceCoverage="69.23" branchCoverage="50" maxCyclomaticComplexity="6" minCyclomaticComplexity="6" visitedClasses="0" numClasses="0" visitedMethods="1" numMethods="1" />
              <MetadataToken />
              <Name>System.Void SoulFoodAiBack.Controllers.UserIngredientController/&lt;RemoveFavorite&gt;d__3::MoveNext()</Name>
              <FileRef uid="13" />
              <SequencePoints>
                <SequencePoint vc="1" uspid="129" ordinal="0" sl="129" sc="1" el="129" ec="2" bec="0" bev="0" fileid="13" />
                <SequencePoint vc="1" uspid="130" ordinal="1" sl="130" sc="1" el="130" ec="2" bec="4" bev="2" fileid="13" />
                <SequencePoint vc="0" uspid="131" ordinal="2" sl="131" sc="1" el="131" ec="2" bec="0" bev="0" fileid="13" />
                <SequencePoint vc="0" uspid="132" ordinal="3" sl="132" sc="1" el="132" ec="2" bec="0" bev="0" fileid="13" />
                <SequencePoint vc="1" uspid="135" ordinal="4" sl="135" sc="1" el="135" ec="2" bec="0" bev="0" fileid="13" />
                <SequencePoint vc="1" uspid="136" ordinal="5" sl="136" sc="1" el="136" ec="2" bec="0" bev="0" fileid="13" />
                <SequencePoint vc="1" uspid="138" ordinal="6" sl="138" sc="1" el="138" ec="2" bec="2" bev="1" fileid="13" />
                <SequencePoint vc="0" uspid="139" ordinal="7" sl="139" sc="1" el="139" ec="2" bec="0" bev="0" fileid="13" />
                <SequencePoint vc="0" uspid="140" ordinal="8" sl="140" sc="1" el="140" ec="2" bec="0" bev="0" fileid="13" />
                <SequencePoint vc="1" uspid="143" ordinal="9" sl="143" sc="1" el="143" ec="2" bec="0" bev="0" fileid="13" />
                <SequencePoint vc="1" uspid="144" ordinal="10" sl="144" sc="1" el="144" ec="2" bec="0" bev="0" fileid="13" />
                <SequencePoint vc="1" uspid="145" ordinal="11" sl="145" sc="1" el="145" ec="2" bec="0" bev="0" fileid="13" />
                <SequencePoint vc="1" uspid="146" ordinal="12" sl="146" sc="1" el="146" ec="2" bec="0" bev="0" fileid="13" />
              </SequencePoints>
              <BranchPoints>
                <BranchPoint vc="1" uspid="130" ordinal="0" path="0" offset="86" offsetend="88" sl="130" fileid="13" />
                <BranchPoint vc="0" uspid="130" ordinal="1" path="1" offset="86" offsetend="107" sl="130" fileid="13" />
                <BranchPoint vc="0" uspid="130" ordinal="2" path="0" offset="110" offsetend="112" sl="130" fileid="13" />
                <BranchPoint vc="1" uspid="130" ordinal="3" path="1" offset="110" offsetend="135" sl="130" fileid="13" />
                <BranchPoint vc="0" uspid="138" ordinal="4" path="0" offset="463" offsetend="465" sl="138" fileid="13" />
                <BranchPoint vc="1" uspid="138" ordinal="5" path="1" offset="463" offsetend="488" sl="138" fileid="13" />
              </BranchPoints>
              <MethodPoint vc="9" uspid="0" p8:type="SequencePoint" ordinal="0" offset="0" sc="0" sl="129" ec="1" el="146" bec="0" bev="0" fileid="13" xmlns:p8="xsi" />
            </Method>
          </Methods>
        </Class>
      </Classes>
    </Module>
  </Modules>
</CoverageSession>